<?xml version="1.0" encoding="UTF-8"?>
<testsuite xmlns:xsi="http://www.w3.org/2001/XMLSchema-instance" xsi:noNamespaceSchemaLocation="https://maven.apache.org/surefire/maven-failsafe-plugin/xsd/failsafe-test-report-3.0.xsd" version="3.0" name="io.quarkus.workshop.superheroes.hero.NativeHeroResourceIT" time="18.581" tests="8" errors="0" skipped="0" failures="0">
  <properties>
    <property name="sun.desktop" value="windows"/>
    <property name="awt.toolkit" value="sun.awt.windows.WToolkit"/>
    <property name="java.specification.version" value="11"/>
    <property name="sun.cpu.isalist" value="amd64"/>
    <property name="sun.jnu.encoding" value="Cp1252"/>
    <property name="test.url" value="http://localhost:8081"/>
    <property name="native.image.path" value="c:\ikostin\CGI\Quarkus\quarkus-super-heroes-workshop\super-heroes\rest-hero\target/rest-hero-1.0-SNAPSHOT-runner"/>
    <property name="java.class.path" value="c:\ikostin\CGI\Quarkus\quarkus-super-heroes-workshop\super-heroes\rest-hero\target\test-classes;C:\Users\ikostin\.m2\repository\io\quarkus\quarkus-resteasy\1.13.1.Final\quarkus-resteasy-1.13.1.Final.jar;C:\Users\ikostin\.m2\repository\io\quarkus\quarkus-vertx-http\1.13.1.Final\quarkus-vertx-http-1.13.1.Final.jar;C:\Users\ikostin\.m2\repository\io\quarkus\quarkus-security-runtime-spi\1.13.1.Final\quarkus-security-runtime-spi-1.13.1.Final.jar;C:\Users\ikostin\.m2\repository\io\quarkus\quarkus-vertx-http-dev-console-runtime-spi\1.13.1.Final\quarkus-vertx-http-dev-console-runtime-spi-1.13.1.Final.jar;C:\Users\ikostin\.m2\repository\io\quarkus\security\quarkus-security\1.1.4.Final\quarkus-security-1.1.4.Final.jar;C:\Users\ikostin\.m2\repository\io\vertx\vertx-web\3.9.6\vertx-web-3.9.6.jar;C:\Users\ikostin\.m2\repository\io\vertx\vertx-web-common\3.9.6\vertx-web-common-3.9.6.jar;C:\Users\ikostin\.m2\repository\io\vertx\vertx-auth-common\3.9.6\vertx-auth-common-3.9.6.jar;C:\Users\ikostin\.m2\repository\io\vertx\vertx-bridge-common\3.9.6\vertx-bridge-common-3.9.6.jar;C:\Users\ikostin\.m2\repository\io\quarkus\quarkus-resteasy-server-common\1.13.1.Final\quarkus-resteasy-server-common-1.13.1.Final.jar;C:\Users\ikostin\.m2\repository\io\quarkus\quarkus-resteasy-common\1.13.1.Final\quarkus-resteasy-common-1.13.1.Final.jar;C:\Users\ikostin\.m2\repository\org\jboss\resteasy\resteasy-core\4.5.9.Final\resteasy-core-4.5.9.Final.jar;C:\Users\ikostin\.m2\repository\org\jboss\spec\javax\ws\rs\jboss-jaxrs-api_2.1_spec\2.0.1.Final\jboss-jaxrs-api_2.1_spec-2.0.1.Final.jar;C:\Users\ikostin\.m2\repository\org\jboss\resteasy\resteasy-core-spi\4.5.9.Final\resteasy-core-spi-4.5.9.Final.jar;C:\Users\ikostin\.m2\repository\com\ibm\async\asyncutil\0.1.0\asyncutil-0.1.0.jar;C:\Users\ikostin\.m2\repository\com\sun\activation\jakarta.activation\1.2.1\jakarta.activation-1.2.1.jar;C:\Users\ikostin\.m2\repository\jakarta\validation\jakarta.validation-api\2.0.2\jakarta.validation-api-2.0.2.jar;C:\Users\ikostin\.m2\repository\io\quarkus\quarkus-junit5\1.13.1.Final\quarkus-junit5-1.13.1.Final.jar;C:\Users\ikostin\.m2\repository\io\quarkus\quarkus-bootstrap-core\1.13.1.Final\quarkus-bootstrap-core-1.13.1.Final.jar;C:\Users\ikostin\.m2\repository\io\quarkus\quarkus-bootstrap-app-model\1.13.1.Final\quarkus-bootstrap-app-model-1.13.1.Final.jar;C:\Users\ikostin\.m2\repository\io\quarkus\quarkus-bootstrap-maven-resolver\1.13.1.Final\quarkus-bootstrap-maven-resolver-1.13.1.Final.jar;C:\Users\ikostin\.m2\repository\org\apache\maven\maven-embedder\3.6.3\maven-embedder-3.6.3.jar;C:\Users\ikostin\.m2\repository\org\apache\maven\maven-settings\3.6.3\maven-settings-3.6.3.jar;C:\Users\ikostin\.m2\repository\org\apache\maven\maven-core\3.6.3\maven-core-3.6.3.jar;C:\Users\ikostin\.m2\repository\org\apache\maven\maven-artifact\3.6.3\maven-artifact-3.6.3.jar;C:\Users\ikostin\.m2\repository\org\codehaus\plexus\plexus-component-annotations\2.1.0\plexus-component-annotations-2.1.0.jar;C:\Users\ikostin\.m2\repository\org\apache\maven\maven-plugin-api\3.6.3\maven-plugin-api-3.6.3.jar;C:\Users\ikostin\.m2\repository\org\apache\maven\maven-model\3.6.3\maven-model-3.6.3.jar;C:\Users\ikostin\.m2\repository\org\apache\maven\maven-model-builder\3.6.3\maven-model-builder-3.6.3.jar;C:\Users\ikostin\.m2\repository\org\apache\maven\maven-builder-support\3.6.3\maven-builder-support-3.6.3.jar;C:\Users\ikostin\.m2\repository\org\apache\maven\resolver\maven-resolver-api\1.4.1\maven-resolver-api-1.4.1.jar;C:\Users\ikostin\.m2\repository\org\apache\maven\resolver\maven-resolver-util\1.4.1\maven-resolver-util-1.4.1.jar;C:\Users\ikostin\.m2\repository\org\apache\maven\shared\maven-shared-utils\3.2.1\maven-shared-utils-3.2.1.jar;C:\Users\ikostin\.m2\repository\com\google\inject\guice\4.2.1\guice-4.2.1-no_aop.jar;C:\Users\ikostin\.m2\repository\com\google\guava\guava\30.1-jre\guava-30.1-jre.jar;C:\Users\ikostin\.m2\repository\com\google\guava\failureaccess\1.0.1\failureaccess-1.0.1.jar;C:\Users\ikostin\.m2\repository\com\google\guava\listenablefuture\9999.0-empty-to-avoid-conflict-with-guava\listenablefuture-9999.0-empty-to-avoid-conflict-with-guava.jar;C:\Users\ikostin\.m2\repository\org\codehaus\plexus\plexus-utils\3.2.1\plexus-utils-3.2.1.jar;C:\Users\ikostin\.m2\repository\org\codehaus\plexus\plexus-classworlds\2.6.0\plexus-classworlds-2.6.0.jar;C:\Users\ikostin\.m2\repository\commons-cli\commons-cli\1.4\commons-cli-1.4.jar;C:\Users\ikostin\.m2\repository\org\eclipse\sisu\org.eclipse.sisu.plexus\0.3.4\org.eclipse.sisu.plexus-0.3.4.jar;C:\Users\ikostin\.m2\repository\org\apache\maven\maven-settings-builder\3.6.3\maven-settings-builder-3.6.3.jar;C:\Users\ikostin\.m2\repository\org\codehaus\plexus\plexus-interpolation\1.25\plexus-interpolation-1.25.jar;C:\Users\ikostin\.m2\repository\org\sonatype\plexus\plexus-sec-dispatcher\1.4\plexus-sec-dispatcher-1.4.jar;C:\Users\ikostin\.m2\repository\org\sonatype\plexus\plexus-cipher\1.4\plexus-cipher-1.4.jar;C:\Users\ikostin\.m2\repository\org\apache\maven\maven-resolver-provider\3.6.3\maven-resolver-provider-3.6.3.jar;C:\Users\ikostin\.m2\repository\org\apache\maven\maven-repository-metadata\3.6.3\maven-repository-metadata-3.6.3.jar;C:\Users\ikostin\.m2\repository\org\apache\maven\resolver\maven-resolver-spi\1.4.1\maven-resolver-spi-1.4.1.jar;C:\Users\ikostin\.m2\repository\org\apache\maven\resolver\maven-resolver-impl\1.4.1\maven-resolver-impl-1.4.1.jar;C:\Users\ikostin\.m2\repository\org\apache\maven\resolver\maven-resolver-connector-basic\1.4.1\maven-resolver-connector-basic-1.4.1.jar;C:\Users\ikostin\.m2\repository\org\apache\maven\resolver\maven-resolver-transport-wagon\1.4.1\maven-resolver-transport-wagon-1.4.1.jar;C:\Users\ikostin\.m2\repository\org\apache\maven\wagon\wagon-http\3.3.4\wagon-http-3.3.4.jar;C:\Users\ikostin\.m2\repository\org\apache\maven\wagon\wagon-http-shared\3.3.4\wagon-http-shared-3.3.4.jar;C:\Users\ikostin\.m2\repository\org\jsoup\jsoup\1.12.1\jsoup-1.12.1.jar;C:\Users\ikostin\.m2\repository\org\apache\maven\wagon\wagon-provider-api\3.3.4\wagon-provider-api-3.3.4.jar;C:\Users\ikostin\.m2\repository\org\apache\maven\wagon\wagon-file\3.3.4\wagon-file-3.3.4.jar;C:\Users\ikostin\.m2\repository\io\quarkus\quarkus-bootstrap-gradle-resolver\1.13.1.Final\quarkus-bootstrap-gradle-resolver-1.13.1.Final.jar;C:\Users\ikostin\.m2\repository\io\smallrye\common\smallrye-common-io\1.5.0\smallrye-common-io-1.5.0.jar;C:\Users\ikostin\.m2\repository\org\eclipse\sisu\org.eclipse.sisu.inject\0.3.4\org.eclipse.sisu.inject-0.3.4.jar;C:\Users\ikostin\.m2\repository\io\quarkus\quarkus-test-common\1.13.1.Final\quarkus-test-common-1.13.1.Final.jar;C:\Users\ikostin\.m2\repository\io\quarkus\quarkus-core-deployment\1.13.1.Final\quarkus-core-deployment-1.13.1.Final.jar;C:\Users\ikostin\.m2\repository\io\quarkus\gizmo\gizmo\1.0.7.Final\gizmo-1.0.7.Final.jar;C:\Users\ikostin\.m2\repository\org\ow2\asm\asm-util\9.1\asm-util-9.1.jar;C:\Users\ikostin\.m2\repository\org\ow2\asm\asm-tree\9.1\asm-tree-9.1.jar;C:\Users\ikostin\.m2\repository\org\ow2\asm\asm-analysis\9.1\asm-analysis-9.1.jar;C:\Users\ikostin\.m2\repository\org\ow2\asm\asm\9.1\asm-9.1.jar;C:\Users\ikostin\.m2\repository\io\quarkus\quarkus-class-change-agent\1.13.1.Final\quarkus-class-change-agent-1.13.1.Final.jar;C:\Users\ikostin\.m2\repository\io\quarkus\quarkus-devtools-utilities\1.13.1.Final\quarkus-devtools-utilities-1.13.1.Final.jar;C:\Users\ikostin\.m2\repository\io\quarkus\quarkus-builder\1.13.1.Final\quarkus-builder-1.13.1.Final.jar;C:\Users\ikostin\.m2\repository\io\quarkus\quarkus-jsonp-deployment\1.13.1.Final\quarkus-jsonp-deployment-1.13.1.Final.jar;C:\Users\ikostin\.m2\repository\org\jboss\jandex\2.2.3.Final\jandex-2.2.3.Final.jar;C:\Users\ikostin\.m2\repository\org\jboss\logging\commons-logging-jboss-logging\1.0.0.Final\commons-logging-jboss-logging-1.0.0.Final.jar;C:\Users\ikostin\.m2\repository\org\junit\jupiter\junit-jupiter\5.7.1\junit-jupiter-5.7.1.jar;C:\Users\ikostin\.m2\repository\org\junit\jupiter\junit-jupiter-params\5.7.1\junit-jupiter-params-5.7.1.jar;C:\Users\ikostin\.m2\repository\org\junit\jupiter\junit-jupiter-engine\5.7.1\junit-jupiter-engine-5.7.1.jar;C:\Users\ikostin\.m2\repository\org\junit\platform\junit-platform-engine\1.7.1\junit-platform-engine-1.7.1.jar;C:\Users\ikostin\.m2\repository\io\quarkus\quarkus-core\1.13.1.Final\quarkus-core-1.13.1.Final.jar;C:\Users\ikostin\.m2\repository\jakarta\annotation\jakarta.annotation-api\1.3.5\jakarta.annotation-api-1.3.5.jar;C:\Users\ikostin\.m2\repository\jakarta\enterprise\jakarta.enterprise.cdi-api\2.0.2\jakarta.enterprise.cdi-api-2.0.2.jar;C:\Users\ikostin\.m2\repository\jakarta\el\jakarta.el-api\3.0.3\jakarta.el-api-3.0.3.jar;C:\Users\ikostin\.m2\repository\jakarta\interceptor\jakarta.interceptor-api\1.2.5\jakarta.interceptor-api-1.2.5.jar;C:\Users\ikostin\.m2\repository\jakarta\inject\jakarta.inject-api\1.0\jakarta.inject-api-1.0.jar;C:\Users\ikostin\.m2\repository\io\quarkus\quarkus-ide-launcher\1.13.1.Final\quarkus-ide-launcher-1.13.1.Final.jar;C:\Users\ikostin\.m2\repository\io\quarkus\quarkus-development-mode-spi\1.13.1.Final\quarkus-development-mode-spi-1.13.1.Final.jar;C:\Users\ikostin\.m2\repository\io\smallrye\config\smallrye-config\1.11.1\smallrye-config-1.11.1.jar;C:\Users\ikostin\.m2\repository\io\smallrye\common\smallrye-common-expression\1.5.0\smallrye-common-expression-1.5.0.jar;C:\Users\ikostin\.m2\repository\io\smallrye\common\smallrye-common-function\1.5.0\smallrye-common-function-1.5.0.jar;C:\Users\ikostin\.m2\repository\io\smallrye\common\smallrye-common-constraint\1.5.0\smallrye-common-constraint-1.5.0.jar;C:\Users\ikostin\.m2\repository\io\smallrye\common\smallrye-common-classloader\1.5.0\smallrye-common-classloader-1.5.0.jar;C:\Users\ikostin\.m2\repository\io\smallrye\config\smallrye-config-common\1.11.1\smallrye-config-common-1.11.1.jar;C:\Users\ikostin\.m2\repository\org\jboss\logging\jboss-logging\3.4.1.Final\jboss-logging-3.4.1.Final.jar;C:\Users\ikostin\.m2\repository\org\jboss\logmanager\jboss-logmanager-embedded\1.0.9\jboss-logmanager-embedded-1.0.9.jar;C:\Users\ikostin\.m2\repository\org\jboss\logging\jboss-logging-annotations\2.2.0.Final\jboss-logging-annotations-2.2.0.Final.jar;C:\Users\ikostin\.m2\repository\org\jboss\threads\jboss-threads\3.2.0.Final\jboss-threads-3.2.0.Final.jar;C:\Users\ikostin\.m2\repository\org\slf4j\slf4j-api\1.7.30\slf4j-api-1.7.30.jar;C:\Users\ikostin\.m2\repository\org\jboss\slf4j\slf4j-jboss-logmanager\1.1.0.Final\slf4j-jboss-logmanager-1.1.0.Final.jar;C:\Users\ikostin\.m2\repository\org\graalvm\sdk\graal-sdk\21.0.0\graal-sdk-21.0.0.jar;C:\Users\ikostin\.m2\repository\org\wildfly\common\wildfly-common\1.5.4.Final-format-001\wildfly-common-1.5.4.Final-format-001.jar;C:\Users\ikostin\.m2\repository\io\quarkus\quarkus-bootstrap-runner\1.13.1.Final\quarkus-bootstrap-runner-1.13.1.Final.jar;C:\Users\ikostin\.m2\repository\io\quarkus\quarkus-datasource-deployment-spi\1.13.1.Final\quarkus-datasource-deployment-spi-1.13.1.Final.jar;C:\Users\ikostin\.m2\repository\io\quarkus\quarkus-arc-deployment\1.13.1.Final\quarkus-arc-deployment-1.13.1.Final.jar;C:\Users\ikostin\.m2\repository\io\quarkus\quarkus-vertx-http-dev-console-spi\1.13.1.Final\quarkus-vertx-http-dev-console-spi-1.13.1.Final.jar;C:\Users\ikostin\.m2\repository\io\quarkus\arc\arc-processor\1.13.1.Final\arc-processor-1.13.1.Final.jar;C:\Users\ikostin\.m2\repository\io\quarkus\quarkus-datasource-common\1.13.1.Final\quarkus-datasource-common-1.13.1.Final.jar;C:\Users\ikostin\.m2\repository\com\thoughtworks\xstream\xstream\1.4.16\xstream-1.4.16.jar;C:\Users\ikostin\.m2\repository\io\github\x-stream\mxparser\1.2.1\mxparser-1.2.1.jar;C:\Users\ikostin\.m2\repository\xmlpull\xmlpull\1.1.3.1\xmlpull-1.1.3.1.jar;C:\Users\ikostin\.m2\repository\io\rest-assured\rest-assured\4.3.3\rest-assured-4.3.3.jar;C:\Users\ikostin\.m2\repository\org\codehaus\groovy\groovy\3.0.5\groovy-3.0.5.jar;C:\Users\ikostin\.m2\repository\org\codehaus\groovy\groovy-xml\3.0.7\groovy-xml-3.0.7.jar;C:\Users\ikostin\.m2\repository\org\apache\httpcomponents\httpclient\4.5.13\httpclient-4.5.13.jar;C:\Users\ikostin\.m2\repository\org\apache\httpcomponents\httpcore\4.4.14\httpcore-4.4.14.jar;C:\Users\ikostin\.m2\repository\commons-codec\commons-codec\1.14\commons-codec-1.14.jar;C:\Users\ikostin\.m2\repository\org\apache\httpcomponents\httpmime\4.5.13\httpmime-4.5.13.jar;C:\Users\ikostin\.m2\repository\org\hamcrest\hamcrest\2.1\hamcrest-2.1.jar;C:\Users\ikostin\.m2\repository\org\ccil\cowan\tagsoup\tagsoup\1.2.1\tagsoup-1.2.1.jar;C:\Users\ikostin\.m2\repository\io\rest-assured\json-path\4.3.3\json-path-4.3.3.jar;C:\Users\ikostin\.m2\repository\org\codehaus\groovy\groovy-json\3.0.5\groovy-json-3.0.5.jar;C:\Users\ikostin\.m2\repository\io\rest-assured\rest-assured-common\4.3.3\rest-assured-common-4.3.3.jar;C:\Users\ikostin\.m2\repository\io\rest-assured\xml-path\4.3.3\xml-path-4.3.3.jar;C:\Users\ikostin\.m2\repository\org\apache\commons\commons-lang3\3.12.0\commons-lang3-3.12.0.jar;C:\Users\ikostin\.m2\repository\jakarta\xml\bind\jakarta.xml.bind-api\2.3.3\jakarta.xml.bind-api-2.3.3.jar;C:\Users\ikostin\.m2\repository\jakarta\activation\jakarta.activation-api\1.2.1\jakarta.activation-api-1.2.1.jar;C:\Users\ikostin\.m2\repository\com\sun\xml\bind\jaxb-impl\2.3.3\jaxb-impl-2.3.3.jar;C:\Users\ikostin\.m2\repository\io\quarkus\quarkus-hibernate-orm-panache\1.13.1.Final\quarkus-hibernate-orm-panache-1.13.1.Final.jar;C:\Users\ikostin\.m2\repository\io\quarkus\quarkus-hibernate-orm\1.13.1.Final\quarkus-hibernate-orm-1.13.1.Final.jar;C:\Users\ikostin\.m2\repository\io\quarkus\quarkus-agroal\1.13.1.Final\quarkus-agroal-1.13.1.Final.jar;C:\Users\ikostin\.m2\repository\io\quarkus\quarkus-datasource\1.13.1.Final\quarkus-datasource-1.13.1.Final.jar;C:\Users\ikostin\.m2\repository\org\jboss\narayana\jta\narayana-jta\5.10.6.Final\narayana-jta-5.10.6.Final.jar;C:\Users\ikostin\.m2\repository\org\jboss\jboss-transaction-spi\7.6.0.Final\jboss-transaction-spi-7.6.0.Final.jar;C:\Users\ikostin\.m2\repository\org\jboss\spec\javax\resource\jboss-connector-api_1.7_spec\1.0.0.Final\jboss-connector-api_1.7_spec-1.0.0.Final.jar;C:\Users\ikostin\.m2\repository\org\jboss\narayana\jts\narayana-jts-integration\5.10.6.Final\narayana-jts-integration-5.10.6.Final.jar;C:\Users\ikostin\.m2\repository\io\agroal\agroal-api\1.9\agroal-api-1.9.jar;C:\Users\ikostin\.m2\repository\io\agroal\agroal-narayana\1.9\agroal-narayana-1.9.jar;C:\Users\ikostin\.m2\repository\io\agroal\agroal-pool\1.9\agroal-pool-1.9.jar;C:\Users\ikostin\.m2\repository\io\quarkus\quarkus-credentials\1.13.1.Final\quarkus-credentials-1.13.1.Final.jar;C:\Users\ikostin\.m2\repository\io\quarkus\quarkus-narayana-jta\1.13.1.Final\quarkus-narayana-jta-1.13.1.Final.jar;C:\Users\ikostin\.m2\repository\io\smallrye\smallrye-context-propagation-jta\1.1.0\smallrye-context-propagation-jta-1.1.0.jar;C:\Users\ikostin\.m2\repository\io\smallrye\reactive\smallrye-reactive-converter-api\1.4.0\smallrye-reactive-converter-api-1.4.0.jar;C:\Users\ikostin\.m2\repository\io\smallrye\reactive\smallrye-reactive-converter-mutiny\1.4.0\smallrye-reactive-converter-mutiny-1.4.0.jar;C:\Users\ikostin\.m2\repository\org\hibernate\hibernate-core\5.4.29.Final\hibernate-core-5.4.29.Final.jar;C:\Users\ikostin\.m2\repository\net\bytebuddy\byte-buddy\1.10.21\byte-buddy-1.10.21.jar;C:\Users\ikostin\.m2\repository\antlr\antlr\2.7.7\antlr-2.7.7.jar;C:\Users\ikostin\.m2\repository\org\dom4j\dom4j\2.1.3\dom4j-2.1.3.jar;C:\Users\ikostin\.m2\repository\org\hibernate\common\hibernate-commons-annotations\5.1.2.Final\hibernate-commons-annotations-5.1.2.Final.jar;C:\Users\ikostin\.m2\repository\org\hibernate\hibernate-graalvm\5.4.29.Final\hibernate-graalvm-5.4.29.Final.jar;C:\Users\ikostin\.m2\repository\org\glassfish\jaxb\jaxb-runtime\2.3.3-b02\jaxb-runtime-2.3.3-b02.jar;C:\Users\ikostin\.m2\repository\org\glassfish\jaxb\txw2\2.3.3-b02\txw2-2.3.3-b02.jar;C:\Users\ikostin\.m2\repository\com\sun\istack\istack-commons-runtime\3.0.10\istack-commons-runtime-3.0.10.jar;C:\Users\ikostin\.m2\repository\org\jboss\spec\javax\xml\bind\jboss-jaxb-api_2.3_spec\2.0.0.Final\jboss-jaxb-api_2.3_spec-2.0.0.Final.jar;C:\Users\ikostin\.m2\repository\jakarta\persistence\jakarta.persistence-api\2.2.3\jakarta.persistence-api-2.2.3.jar;C:\Users\ikostin\.m2\repository\jakarta\transaction\jakarta.transaction-api\1.3.3\jakarta.transaction-api-1.3.3.jar;C:\Users\ikostin\.m2\repository\org\hibernate\quarkus-local-cache\0.1.0\quarkus-local-cache-0.1.0.jar;C:\Users\ikostin\.m2\repository\com\github\ben-manes\caffeine\caffeine\2.9.0\caffeine-2.9.0.jar;C:\Users\ikostin\.m2\repository\com\google\errorprone\error_prone_annotations\2.2.0\error_prone_annotations-2.2.0.jar;C:\Users\ikostin\.m2\repository\io\quarkus\quarkus-caffeine\1.13.1.Final\quarkus-caffeine-1.13.1.Final.jar;C:\Users\ikostin\.m2\repository\io\quarkus\quarkus-hibernate-orm-panache-common\1.13.1.Final\quarkus-hibernate-orm-panache-common-1.13.1.Final.jar;C:\Users\ikostin\.m2\repository\io\quarkus\quarkus-panache-hibernate-common\1.13.1.Final\quarkus-panache-hibernate-common-1.13.1.Final.jar;C:\Users\ikostin\.m2\repository\io\quarkus\quarkus-arc\1.13.1.Final\quarkus-arc-1.13.1.Final.jar;C:\Users\ikostin\.m2\repository\io\quarkus\arc\arc\1.13.1.Final\arc-1.13.1.Final.jar;C:\Users\ikostin\.m2\repository\org\eclipse\microprofile\context-propagation\microprofile-context-propagation-api\1.0.1\microprofile-context-propagation-api-1.0.1.jar;C:\Users\ikostin\.m2\repository\io\quarkus\quarkus-panache-common\1.13.1.Final\quarkus-panache-common-1.13.1.Final.jar;C:\Users\ikostin\.m2\repository\io\quarkus\quarkus-hibernate-validator\1.13.1.Final\quarkus-hibernate-validator-1.13.1.Final.jar;C:\Users\ikostin\.m2\repository\org\hibernate\validator\hibernate-validator\6.2.0.Final\hibernate-validator-6.2.0.Final.jar;C:\Users\ikostin\.m2\repository\com\fasterxml\classmate\1.3.4\classmate-1.3.4.jar;C:\Users\ikostin\.m2\repository\org\glassfish\jakarta.el\3.0.3\jakarta.el-3.0.3.jar;C:\Users\ikostin\.m2\repository\io\quarkus\quarkus-resteasy-jsonb\1.13.1.Final\quarkus-resteasy-jsonb-1.13.1.Final.jar;C:\Users\ikostin\.m2\repository\io\quarkus\quarkus-jsonb\1.13.1.Final\quarkus-jsonb-1.13.1.Final.jar;C:\Users\ikostin\.m2\repository\org\eclipse\yasson\1.0.8\yasson-1.0.8.jar;C:\Users\ikostin\.m2\repository\io\quarkus\quarkus-jsonp\1.13.1.Final\quarkus-jsonp-1.13.1.Final.jar;C:\Users\ikostin\.m2\repository\org\jboss\resteasy\resteasy-json-binding-provider\4.5.9.Final\resteasy-json-binding-provider-4.5.9.Final.jar;C:\Users\ikostin\.m2\repository\org\glassfish\jakarta.json\1.1.6\jakarta.json-1.1.6.jar;C:\Users\ikostin\.m2\repository\jakarta\json\bind\jakarta.json.bind-api\1.0.2\jakarta.json.bind-api-1.0.2.jar;C:\Users\ikostin\.m2\repository\org\jboss\resteasy\resteasy-json-p-provider\4.5.9.Final\resteasy-json-p-provider-4.5.9.Final.jar;C:\Users\ikostin\.m2\repository\commons-io\commons-io\2.8.0\commons-io-2.8.0.jar;C:\Users\ikostin\.m2\repository\io\quarkus\quarkus-jdbc-postgresql\1.13.1.Final\quarkus-jdbc-postgresql-1.13.1.Final.jar;C:\Users\ikostin\.m2\repository\org\postgresql\postgresql\42.2.19\postgresql-42.2.19.jar;C:\Users\ikostin\.m2\repository\org\testcontainers\junit-jupiter\1.15.2\junit-jupiter-1.15.2.jar;C:\Users\ikostin\.m2\repository\org\testcontainers\testcontainers\1.15.2\testcontainers-1.15.2.jar;C:\Users\ikostin\.m2\repository\junit\junit\4.13.1\junit-4.13.1.jar;C:\Users\ikostin\.m2\repository\org\hamcrest\hamcrest-core\1.3\hamcrest-core-1.3.jar;C:\Users\ikostin\.m2\repository\org\apache\commons\commons-compress\1.20\commons-compress-1.20.jar;C:\Users\ikostin\.m2\repository\org\rnorth\duct-tape\duct-tape\1.0.8\duct-tape-1.0.8.jar;C:\Users\ikostin\.m2\repository\org\rnorth\visible-assertions\visible-assertions\2.1.2\visible-assertions-2.1.2.jar;C:\Users\ikostin\.m2\repository\net\java\dev\jna\jna\5.3.1\jna-5.3.1.jar;C:\Users\ikostin\.m2\repository\com\github\docker-java\docker-java-api\3.2.7\docker-java-api-3.2.7.jar;C:\Users\ikostin\.m2\repository\com\github\docker-java\docker-java-transport-zerodep\3.2.7\docker-java-transport-zerodep-3.2.7.jar;C:\Users\ikostin\.m2\repository\com\github\docker-java\docker-java-transport\3.2.7\docker-java-transport-3.2.7.jar;C:\Users\ikostin\.m2\repository\org\junit\jupiter\junit-jupiter-api\5.7.1\junit-jupiter-api-5.7.1.jar;C:\Users\ikostin\.m2\repository\org\apiguardian\apiguardian-api\1.1.0\apiguardian-api-1.1.0.jar;C:\Users\ikostin\.m2\repository\org\opentest4j\opentest4j\1.2.0\opentest4j-1.2.0.jar;C:\Users\ikostin\.m2\repository\org\junit\platform\junit-platform-commons\1.7.1\junit-platform-commons-1.7.1.jar;C:\Users\ikostin\.m2\repository\org\testcontainers\postgresql\1.15.2\postgresql-1.15.2.jar;C:\Users\ikostin\.m2\repository\org\testcontainers\jdbc\1.15.2\jdbc-1.15.2.jar;C:\Users\ikostin\.m2\repository\org\testcontainers\database-commons\1.15.2\database-commons-1.15.2.jar;C:\Users\ikostin\.m2\repository\com\fasterxml\jackson\core\jackson-databind\2.12.1\jackson-databind-2.12.1.jar;C:\Users\ikostin\.m2\repository\com\fasterxml\jackson\core\jackson-annotations\2.12.1\jackson-annotations-2.12.1.jar;C:\Users\ikostin\.m2\repository\com\fasterxml\jackson\core\jackson-core\2.12.1\jackson-core-2.12.1.jar;C:\Users\ikostin\.m2\repository\io\quarkus\quarkus-smallrye-openapi\1.13.1.Final\quarkus-smallrye-openapi-1.13.1.Final.jar;C:\Users\ikostin\.m2\repository\io\smallrye\smallrye-open-api-core\2.0.26\smallrye-open-api-core-2.0.26.jar;C:\Users\ikostin\.m2\repository\org\eclipse\microprofile\openapi\microprofile-openapi-api\1.1.3-RC1\microprofile-openapi-api-1.1.3-RC1.jar;C:\Users\ikostin\.m2\repository\org\eclipse\microprofile\config\microprofile-config-api\1.4\microprofile-config-api-1.4.jar;C:\Users\ikostin\.m2\repository\com\fasterxml\jackson\dataformat\jackson-dataformat-yaml\2.12.1\jackson-dataformat-yaml-2.12.1.jar;C:\Users\ikostin\.m2\repository\org\yaml\snakeyaml\1.28\snakeyaml-1.28.jar;C:\Users\ikostin\.m2\repository\io\quarkus\quarkus-swagger-ui\1.13.1.Final\quarkus-swagger-ui-1.13.1.Final.jar;C:\Users\ikostin\.m2\repository\io\quarkus\quarkus-vertx\1.13.1.Final\quarkus-vertx-1.13.1.Final.jar;C:\Users\ikostin\.m2\repository\io\quarkus\quarkus-netty\1.13.1.Final\quarkus-netty-1.13.1.Final.jar;C:\Users\ikostin\.m2\repository\io\netty\netty-codec\4.1.49.Final\netty-codec-4.1.49.Final.jar;C:\Users\ikostin\.m2\repository\io\netty\netty-common\4.1.49.Final\netty-common-4.1.49.Final.jar;C:\Users\ikostin\.m2\repository\io\netty\netty-buffer\4.1.49.Final\netty-buffer-4.1.49.Final.jar;C:\Users\ikostin\.m2\repository\io\netty\netty-transport\4.1.49.Final\netty-transport-4.1.49.Final.jar;C:\Users\ikostin\.m2\repository\io\netty\netty-handler\4.1.49.Final\netty-handler-4.1.49.Final.jar;C:\Users\ikostin\.m2\repository\io\netty\netty-resolver\4.1.49.Final\netty-resolver-4.1.49.Final.jar;C:\Users\ikostin\.m2\repository\io\quarkus\quarkus-jackson\1.13.1.Final\quarkus-jackson-1.13.1.Final.jar;C:\Users\ikostin\.m2\repository\com\fasterxml\jackson\datatype\jackson-datatype-jsr310\2.12.1\jackson-datatype-jsr310-2.12.1.jar;C:\Users\ikostin\.m2\repository\com\fasterxml\jackson\datatype\jackson-datatype-jdk8\2.12.1\jackson-datatype-jdk8-2.12.1.jar;C:\Users\ikostin\.m2\repository\com\fasterxml\jackson\module\jackson-module-parameter-names\2.12.1\jackson-module-parameter-names-2.12.1.jar;C:\Users\ikostin\.m2\repository\io\quarkus\quarkus-vertx-core\1.13.1.Final\quarkus-vertx-core-1.13.1.Final.jar;C:\Users\ikostin\.m2\repository\io\vertx\vertx-core\3.9.6\vertx-core-3.9.6.jar;C:\Users\ikostin\.m2\repository\io\netty\netty-handler-proxy\4.1.49.Final\netty-handler-proxy-4.1.49.Final.jar;C:\Users\ikostin\.m2\repository\io\netty\netty-codec-socks\4.1.49.Final\netty-codec-socks-4.1.49.Final.jar;C:\Users\ikostin\.m2\repository\io\netty\netty-codec-http\4.1.49.Final\netty-codec-http-4.1.49.Final.jar;C:\Users\ikostin\.m2\repository\io\netty\netty-codec-http2\4.1.49.Final\netty-codec-http2-4.1.49.Final.jar;C:\Users\ikostin\.m2\repository\io\netty\netty-resolver-dns\4.1.49.Final\netty-resolver-dns-4.1.49.Final.jar;C:\Users\ikostin\.m2\repository\io\netty\netty-codec-dns\4.1.49.Final\netty-codec-dns-4.1.49.Final.jar;C:\Users\ikostin\.m2\repository\io\smallrye\common\smallrye-common-annotation\1.5.0\smallrye-common-annotation-1.5.0.jar;C:\Users\ikostin\.m2\repository\io\quarkus\quarkus-mutiny\1.13.1.Final\quarkus-mutiny-1.13.1.Final.jar;C:\Users\ikostin\.m2\repository\io\smallrye\reactive\mutiny\0.14.0\mutiny-0.14.0.jar;C:\Users\ikostin\.m2\repository\org\reactivestreams\reactive-streams\1.0.3\reactive-streams-1.0.3.jar;C:\Users\ikostin\.m2\repository\io\quarkus\quarkus-smallrye-context-propagation\1.13.1.Final\quarkus-smallrye-context-propagation-1.13.1.Final.jar;C:\Users\ikostin\.m2\repository\io\smallrye\smallrye-context-propagation\1.1.0\smallrye-context-propagation-1.1.0.jar;C:\Users\ikostin\.m2\repository\io\smallrye\smallrye-context-propagation-api\1.1.0\smallrye-context-propagation-api-1.1.0.jar;C:\Users\ikostin\.m2\repository\io\smallrye\smallrye-context-propagation-storage\1.1.0\smallrye-context-propagation-storage-1.1.0.jar;C:\Users\ikostin\.m2\repository\io\smallrye\reactive\mutiny-smallrye-context-propagation\0.14.0\mutiny-smallrye-context-propagation-0.14.0.jar;C:\Users\ikostin\.m2\repository\io\smallrye\reactive\smallrye-mutiny-vertx-core\1.5.0\smallrye-mutiny-vertx-core-1.5.0.jar;C:\Users\ikostin\.m2\repository\io\smallrye\reactive\smallrye-mutiny-vertx-runtime\1.5.0\smallrye-mutiny-vertx-runtime-1.5.0.jar;C:\Users\ikostin\.m2\repository\io\smallrye\reactive\vertx-mutiny-generator\1.5.0\vertx-mutiny-generator-1.5.0.jar;C:\Users\ikostin\.m2\repository\io\vertx\vertx-codegen\3.9.6\vertx-codegen-3.9.6.jar;C:\Users\ikostin\.m2\repository\org\mvel\mvel2\2.4.12.Final\mvel2-2.4.12.Final.jar;"/>
    <property name="java.vm.vendor" value="Oracle Corporation"/>
    <property name="sun.arch.data.model" value="64"/>
    <property name="user.variant" value=""/>
    <property name="java.vendor.url" value="http://java.oracle.com/"/>
    <property name="user.timezone" value="Europe/Prague"/>
    <property name="user.country.format" value="RU"/>
    <property name="os.name" value="Windows 7"/>
    <property name="java.vm.specification.version" value="11"/>
    <property name="sun.java.launcher" value="SUN_STANDARD"/>
    <property name="user.country" value="US"/>
    <property name="mp.openapi.extensions.smallrye.defaultProduces" value="application/json"/>
    <property name="quarkus.http.test-port" value="8081"/>
    <property name="sun.boot.library.path" value="C:\Programs\Development\Eclipse\jdk-11\bin"/>
    <property name="sun.java.command" value="org.apache.maven.surefire.booter.ForkedBooter C:\Users\ikostin\AppData\Local\Temp\surefire4634616040871507160 2021-04-17T21-08-29_042-jvmRun1 surefire16038772989151483990tmp surefire_05223062265972660829tmp"/>
    <property name="jdk.debug" value="release"/>
    <property name="surefire.test.class.path" value="c:\ikostin\CGI\Quarkus\quarkus-super-heroes-workshop\super-heroes\rest-hero\target\test-classes;C:\Users\ikostin\.m2\repository\io\quarkus\quarkus-resteasy\1.13.1.Final\quarkus-resteasy-1.13.1.Final.jar;C:\Users\ikostin\.m2\repository\io\quarkus\quarkus-vertx-http\1.13.1.Final\quarkus-vertx-http-1.13.1.Final.jar;C:\Users\ikostin\.m2\repository\io\quarkus\quarkus-security-runtime-spi\1.13.1.Final\quarkus-security-runtime-spi-1.13.1.Final.jar;C:\Users\ikostin\.m2\repository\io\quarkus\quarkus-vertx-http-dev-console-runtime-spi\1.13.1.Final\quarkus-vertx-http-dev-console-runtime-spi-1.13.1.Final.jar;C:\Users\ikostin\.m2\repository\io\quarkus\security\quarkus-security\1.1.4.Final\quarkus-security-1.1.4.Final.jar;C:\Users\ikostin\.m2\repository\io\vertx\vertx-web\3.9.6\vertx-web-3.9.6.jar;C:\Users\ikostin\.m2\repository\io\vertx\vertx-web-common\3.9.6\vertx-web-common-3.9.6.jar;C:\Users\ikostin\.m2\repository\io\vertx\vertx-auth-common\3.9.6\vertx-auth-common-3.9.6.jar;C:\Users\ikostin\.m2\repository\io\vertx\vertx-bridge-common\3.9.6\vertx-bridge-common-3.9.6.jar;C:\Users\ikostin\.m2\repository\io\quarkus\quarkus-resteasy-server-common\1.13.1.Final\quarkus-resteasy-server-common-1.13.1.Final.jar;C:\Users\ikostin\.m2\repository\io\quarkus\quarkus-resteasy-common\1.13.1.Final\quarkus-resteasy-common-1.13.1.Final.jar;C:\Users\ikostin\.m2\repository\org\jboss\resteasy\resteasy-core\4.5.9.Final\resteasy-core-4.5.9.Final.jar;C:\Users\ikostin\.m2\repository\org\jboss\spec\javax\ws\rs\jboss-jaxrs-api_2.1_spec\2.0.1.Final\jboss-jaxrs-api_2.1_spec-2.0.1.Final.jar;C:\Users\ikostin\.m2\repository\org\jboss\resteasy\resteasy-core-spi\4.5.9.Final\resteasy-core-spi-4.5.9.Final.jar;C:\Users\ikostin\.m2\repository\com\ibm\async\asyncutil\0.1.0\asyncutil-0.1.0.jar;C:\Users\ikostin\.m2\repository\com\sun\activation\jakarta.activation\1.2.1\jakarta.activation-1.2.1.jar;C:\Users\ikostin\.m2\repository\jakarta\validation\jakarta.validation-api\2.0.2\jakarta.validation-api-2.0.2.jar;C:\Users\ikostin\.m2\repository\io\quarkus\quarkus-junit5\1.13.1.Final\quarkus-junit5-1.13.1.Final.jar;C:\Users\ikostin\.m2\repository\io\quarkus\quarkus-bootstrap-core\1.13.1.Final\quarkus-bootstrap-core-1.13.1.Final.jar;C:\Users\ikostin\.m2\repository\io\quarkus\quarkus-bootstrap-app-model\1.13.1.Final\quarkus-bootstrap-app-model-1.13.1.Final.jar;C:\Users\ikostin\.m2\repository\io\quarkus\quarkus-bootstrap-maven-resolver\1.13.1.Final\quarkus-bootstrap-maven-resolver-1.13.1.Final.jar;C:\Users\ikostin\.m2\repository\org\apache\maven\maven-embedder\3.6.3\maven-embedder-3.6.3.jar;C:\Users\ikostin\.m2\repository\org\apache\maven\maven-settings\3.6.3\maven-settings-3.6.3.jar;C:\Users\ikostin\.m2\repository\org\apache\maven\maven-core\3.6.3\maven-core-3.6.3.jar;C:\Users\ikostin\.m2\repository\org\apache\maven\maven-artifact\3.6.3\maven-artifact-3.6.3.jar;C:\Users\ikostin\.m2\repository\org\codehaus\plexus\plexus-component-annotations\2.1.0\plexus-component-annotations-2.1.0.jar;C:\Users\ikostin\.m2\repository\org\apache\maven\maven-plugin-api\3.6.3\maven-plugin-api-3.6.3.jar;C:\Users\ikostin\.m2\repository\org\apache\maven\maven-model\3.6.3\maven-model-3.6.3.jar;C:\Users\ikostin\.m2\repository\org\apache\maven\maven-model-builder\3.6.3\maven-model-builder-3.6.3.jar;C:\Users\ikostin\.m2\repository\org\apache\maven\maven-builder-support\3.6.3\maven-builder-support-3.6.3.jar;C:\Users\ikostin\.m2\repository\org\apache\maven\resolver\maven-resolver-api\1.4.1\maven-resolver-api-1.4.1.jar;C:\Users\ikostin\.m2\repository\org\apache\maven\resolver\maven-resolver-util\1.4.1\maven-resolver-util-1.4.1.jar;C:\Users\ikostin\.m2\repository\org\apache\maven\shared\maven-shared-utils\3.2.1\maven-shared-utils-3.2.1.jar;C:\Users\ikostin\.m2\repository\com\google\inject\guice\4.2.1\guice-4.2.1-no_aop.jar;C:\Users\ikostin\.m2\repository\com\google\guava\guava\30.1-jre\guava-30.1-jre.jar;C:\Users\ikostin\.m2\repository\com\google\guava\failureaccess\1.0.1\failureaccess-1.0.1.jar;C:\Users\ikostin\.m2\repository\com\google\guava\listenablefuture\9999.0-empty-to-avoid-conflict-with-guava\listenablefuture-9999.0-empty-to-avoid-conflict-with-guava.jar;C:\Users\ikostin\.m2\repository\org\codehaus\plexus\plexus-utils\3.2.1\plexus-utils-3.2.1.jar;C:\Users\ikostin\.m2\repository\org\codehaus\plexus\plexus-classworlds\2.6.0\plexus-classworlds-2.6.0.jar;C:\Users\ikostin\.m2\repository\commons-cli\commons-cli\1.4\commons-cli-1.4.jar;C:\Users\ikostin\.m2\repository\org\eclipse\sisu\org.eclipse.sisu.plexus\0.3.4\org.eclipse.sisu.plexus-0.3.4.jar;C:\Users\ikostin\.m2\repository\org\apache\maven\maven-settings-builder\3.6.3\maven-settings-builder-3.6.3.jar;C:\Users\ikostin\.m2\repository\org\codehaus\plexus\plexus-interpolation\1.25\plexus-interpolation-1.25.jar;C:\Users\ikostin\.m2\repository\org\sonatype\plexus\plexus-sec-dispatcher\1.4\plexus-sec-dispatcher-1.4.jar;C:\Users\ikostin\.m2\repository\org\sonatype\plexus\plexus-cipher\1.4\plexus-cipher-1.4.jar;C:\Users\ikostin\.m2\repository\org\apache\maven\maven-resolver-provider\3.6.3\maven-resolver-provider-3.6.3.jar;C:\Users\ikostin\.m2\repository\org\apache\maven\maven-repository-metadata\3.6.3\maven-repository-metadata-3.6.3.jar;C:\Users\ikostin\.m2\repository\org\apache\maven\resolver\maven-resolver-spi\1.4.1\maven-resolver-spi-1.4.1.jar;C:\Users\ikostin\.m2\repository\org\apache\maven\resolver\maven-resolver-impl\1.4.1\maven-resolver-impl-1.4.1.jar;C:\Users\ikostin\.m2\repository\org\apache\maven\resolver\maven-resolver-connector-basic\1.4.1\maven-resolver-connector-basic-1.4.1.jar;C:\Users\ikostin\.m2\repository\org\apache\maven\resolver\maven-resolver-transport-wagon\1.4.1\maven-resolver-transport-wagon-1.4.1.jar;C:\Users\ikostin\.m2\repository\org\apache\maven\wagon\wagon-http\3.3.4\wagon-http-3.3.4.jar;C:\Users\ikostin\.m2\repository\org\apache\maven\wagon\wagon-http-shared\3.3.4\wagon-http-shared-3.3.4.jar;C:\Users\ikostin\.m2\repository\org\jsoup\jsoup\1.12.1\jsoup-1.12.1.jar;C:\Users\ikostin\.m2\repository\org\apache\maven\wagon\wagon-provider-api\3.3.4\wagon-provider-api-3.3.4.jar;C:\Users\ikostin\.m2\repository\org\apache\maven\wagon\wagon-file\3.3.4\wagon-file-3.3.4.jar;C:\Users\ikostin\.m2\repository\io\quarkus\quarkus-bootstrap-gradle-resolver\1.13.1.Final\quarkus-bootstrap-gradle-resolver-1.13.1.Final.jar;C:\Users\ikostin\.m2\repository\io\smallrye\common\smallrye-common-io\1.5.0\smallrye-common-io-1.5.0.jar;C:\Users\ikostin\.m2\repository\org\eclipse\sisu\org.eclipse.sisu.inject\0.3.4\org.eclipse.sisu.inject-0.3.4.jar;C:\Users\ikostin\.m2\repository\io\quarkus\quarkus-test-common\1.13.1.Final\quarkus-test-common-1.13.1.Final.jar;C:\Users\ikostin\.m2\repository\io\quarkus\quarkus-core-deployment\1.13.1.Final\quarkus-core-deployment-1.13.1.Final.jar;C:\Users\ikostin\.m2\repository\io\quarkus\gizmo\gizmo\1.0.7.Final\gizmo-1.0.7.Final.jar;C:\Users\ikostin\.m2\repository\org\ow2\asm\asm-util\9.1\asm-util-9.1.jar;C:\Users\ikostin\.m2\repository\org\ow2\asm\asm-tree\9.1\asm-tree-9.1.jar;C:\Users\ikostin\.m2\repository\org\ow2\asm\asm-analysis\9.1\asm-analysis-9.1.jar;C:\Users\ikostin\.m2\repository\org\ow2\asm\asm\9.1\asm-9.1.jar;C:\Users\ikostin\.m2\repository\io\quarkus\quarkus-class-change-agent\1.13.1.Final\quarkus-class-change-agent-1.13.1.Final.jar;C:\Users\ikostin\.m2\repository\io\quarkus\quarkus-devtools-utilities\1.13.1.Final\quarkus-devtools-utilities-1.13.1.Final.jar;C:\Users\ikostin\.m2\repository\io\quarkus\quarkus-builder\1.13.1.Final\quarkus-builder-1.13.1.Final.jar;C:\Users\ikostin\.m2\repository\io\quarkus\quarkus-jsonp-deployment\1.13.1.Final\quarkus-jsonp-deployment-1.13.1.Final.jar;C:\Users\ikostin\.m2\repository\org\jboss\jandex\2.2.3.Final\jandex-2.2.3.Final.jar;C:\Users\ikostin\.m2\repository\org\jboss\logging\commons-logging-jboss-logging\1.0.0.Final\commons-logging-jboss-logging-1.0.0.Final.jar;C:\Users\ikostin\.m2\repository\org\junit\jupiter\junit-jupiter\5.7.1\junit-jupiter-5.7.1.jar;C:\Users\ikostin\.m2\repository\org\junit\jupiter\junit-jupiter-params\5.7.1\junit-jupiter-params-5.7.1.jar;C:\Users\ikostin\.m2\repository\org\junit\jupiter\junit-jupiter-engine\5.7.1\junit-jupiter-engine-5.7.1.jar;C:\Users\ikostin\.m2\repository\org\junit\platform\junit-platform-engine\1.7.1\junit-platform-engine-1.7.1.jar;C:\Users\ikostin\.m2\repository\io\quarkus\quarkus-core\1.13.1.Final\quarkus-core-1.13.1.Final.jar;C:\Users\ikostin\.m2\repository\jakarta\annotation\jakarta.annotation-api\1.3.5\jakarta.annotation-api-1.3.5.jar;C:\Users\ikostin\.m2\repository\jakarta\enterprise\jakarta.enterprise.cdi-api\2.0.2\jakarta.enterprise.cdi-api-2.0.2.jar;C:\Users\ikostin\.m2\repository\jakarta\el\jakarta.el-api\3.0.3\jakarta.el-api-3.0.3.jar;C:\Users\ikostin\.m2\repository\jakarta\interceptor\jakarta.interceptor-api\1.2.5\jakarta.interceptor-api-1.2.5.jar;C:\Users\ikostin\.m2\repository\jakarta\inject\jakarta.inject-api\1.0\jakarta.inject-api-1.0.jar;C:\Users\ikostin\.m2\repository\io\quarkus\quarkus-ide-launcher\1.13.1.Final\quarkus-ide-launcher-1.13.1.Final.jar;C:\Users\ikostin\.m2\repository\io\quarkus\quarkus-development-mode-spi\1.13.1.Final\quarkus-development-mode-spi-1.13.1.Final.jar;C:\Users\ikostin\.m2\repository\io\smallrye\config\smallrye-config\1.11.1\smallrye-config-1.11.1.jar;C:\Users\ikostin\.m2\repository\io\smallrye\common\smallrye-common-expression\1.5.0\smallrye-common-expression-1.5.0.jar;C:\Users\ikostin\.m2\repository\io\smallrye\common\smallrye-common-function\1.5.0\smallrye-common-function-1.5.0.jar;C:\Users\ikostin\.m2\repository\io\smallrye\common\smallrye-common-constraint\1.5.0\smallrye-common-constraint-1.5.0.jar;C:\Users\ikostin\.m2\repository\io\smallrye\common\smallrye-common-classloader\1.5.0\smallrye-common-classloader-1.5.0.jar;C:\Users\ikostin\.m2\repository\io\smallrye\config\smallrye-config-common\1.11.1\smallrye-config-common-1.11.1.jar;C:\Users\ikostin\.m2\repository\org\jboss\logging\jboss-logging\3.4.1.Final\jboss-logging-3.4.1.Final.jar;C:\Users\ikostin\.m2\repository\org\jboss\logmanager\jboss-logmanager-embedded\1.0.9\jboss-logmanager-embedded-1.0.9.jar;C:\Users\ikostin\.m2\repository\org\jboss\logging\jboss-logging-annotations\2.2.0.Final\jboss-logging-annotations-2.2.0.Final.jar;C:\Users\ikostin\.m2\repository\org\jboss\threads\jboss-threads\3.2.0.Final\jboss-threads-3.2.0.Final.jar;C:\Users\ikostin\.m2\repository\org\slf4j\slf4j-api\1.7.30\slf4j-api-1.7.30.jar;C:\Users\ikostin\.m2\repository\org\jboss\slf4j\slf4j-jboss-logmanager\1.1.0.Final\slf4j-jboss-logmanager-1.1.0.Final.jar;C:\Users\ikostin\.m2\repository\org\graalvm\sdk\graal-sdk\21.0.0\graal-sdk-21.0.0.jar;C:\Users\ikostin\.m2\repository\org\wildfly\common\wildfly-common\1.5.4.Final-format-001\wildfly-common-1.5.4.Final-format-001.jar;C:\Users\ikostin\.m2\repository\io\quarkus\quarkus-bootstrap-runner\1.13.1.Final\quarkus-bootstrap-runner-1.13.1.Final.jar;C:\Users\ikostin\.m2\repository\io\quarkus\quarkus-datasource-deployment-spi\1.13.1.Final\quarkus-datasource-deployment-spi-1.13.1.Final.jar;C:\Users\ikostin\.m2\repository\io\quarkus\quarkus-arc-deployment\1.13.1.Final\quarkus-arc-deployment-1.13.1.Final.jar;C:\Users\ikostin\.m2\repository\io\quarkus\quarkus-vertx-http-dev-console-spi\1.13.1.Final\quarkus-vertx-http-dev-console-spi-1.13.1.Final.jar;C:\Users\ikostin\.m2\repository\io\quarkus\arc\arc-processor\1.13.1.Final\arc-processor-1.13.1.Final.jar;C:\Users\ikostin\.m2\repository\io\quarkus\quarkus-datasource-common\1.13.1.Final\quarkus-datasource-common-1.13.1.Final.jar;C:\Users\ikostin\.m2\repository\com\thoughtworks\xstream\xstream\1.4.16\xstream-1.4.16.jar;C:\Users\ikostin\.m2\repository\io\github\x-stream\mxparser\1.2.1\mxparser-1.2.1.jar;C:\Users\ikostin\.m2\repository\xmlpull\xmlpull\1.1.3.1\xmlpull-1.1.3.1.jar;C:\Users\ikostin\.m2\repository\io\rest-assured\rest-assured\4.3.3\rest-assured-4.3.3.jar;C:\Users\ikostin\.m2\repository\org\codehaus\groovy\groovy\3.0.5\groovy-3.0.5.jar;C:\Users\ikostin\.m2\repository\org\codehaus\groovy\groovy-xml\3.0.7\groovy-xml-3.0.7.jar;C:\Users\ikostin\.m2\repository\org\apache\httpcomponents\httpclient\4.5.13\httpclient-4.5.13.jar;C:\Users\ikostin\.m2\repository\org\apache\httpcomponents\httpcore\4.4.14\httpcore-4.4.14.jar;C:\Users\ikostin\.m2\repository\commons-codec\commons-codec\1.14\commons-codec-1.14.jar;C:\Users\ikostin\.m2\repository\org\apache\httpcomponents\httpmime\4.5.13\httpmime-4.5.13.jar;C:\Users\ikostin\.m2\repository\org\hamcrest\hamcrest\2.1\hamcrest-2.1.jar;C:\Users\ikostin\.m2\repository\org\ccil\cowan\tagsoup\tagsoup\1.2.1\tagsoup-1.2.1.jar;C:\Users\ikostin\.m2\repository\io\rest-assured\json-path\4.3.3\json-path-4.3.3.jar;C:\Users\ikostin\.m2\repository\org\codehaus\groovy\groovy-json\3.0.5\groovy-json-3.0.5.jar;C:\Users\ikostin\.m2\repository\io\rest-assured\rest-assured-common\4.3.3\rest-assured-common-4.3.3.jar;C:\Users\ikostin\.m2\repository\io\rest-assured\xml-path\4.3.3\xml-path-4.3.3.jar;C:\Users\ikostin\.m2\repository\org\apache\commons\commons-lang3\3.12.0\commons-lang3-3.12.0.jar;C:\Users\ikostin\.m2\repository\jakarta\xml\bind\jakarta.xml.bind-api\2.3.3\jakarta.xml.bind-api-2.3.3.jar;C:\Users\ikostin\.m2\repository\jakarta\activation\jakarta.activation-api\1.2.1\jakarta.activation-api-1.2.1.jar;C:\Users\ikostin\.m2\repository\com\sun\xml\bind\jaxb-impl\2.3.3\jaxb-impl-2.3.3.jar;C:\Users\ikostin\.m2\repository\io\quarkus\quarkus-hibernate-orm-panache\1.13.1.Final\quarkus-hibernate-orm-panache-1.13.1.Final.jar;C:\Users\ikostin\.m2\repository\io\quarkus\quarkus-hibernate-orm\1.13.1.Final\quarkus-hibernate-orm-1.13.1.Final.jar;C:\Users\ikostin\.m2\repository\io\quarkus\quarkus-agroal\1.13.1.Final\quarkus-agroal-1.13.1.Final.jar;C:\Users\ikostin\.m2\repository\io\quarkus\quarkus-datasource\1.13.1.Final\quarkus-datasource-1.13.1.Final.jar;C:\Users\ikostin\.m2\repository\org\jboss\narayana\jta\narayana-jta\5.10.6.Final\narayana-jta-5.10.6.Final.jar;C:\Users\ikostin\.m2\repository\org\jboss\jboss-transaction-spi\7.6.0.Final\jboss-transaction-spi-7.6.0.Final.jar;C:\Users\ikostin\.m2\repository\org\jboss\spec\javax\resource\jboss-connector-api_1.7_spec\1.0.0.Final\jboss-connector-api_1.7_spec-1.0.0.Final.jar;C:\Users\ikostin\.m2\repository\org\jboss\narayana\jts\narayana-jts-integration\5.10.6.Final\narayana-jts-integration-5.10.6.Final.jar;C:\Users\ikostin\.m2\repository\io\agroal\agroal-api\1.9\agroal-api-1.9.jar;C:\Users\ikostin\.m2\repository\io\agroal\agroal-narayana\1.9\agroal-narayana-1.9.jar;C:\Users\ikostin\.m2\repository\io\agroal\agroal-pool\1.9\agroal-pool-1.9.jar;C:\Users\ikostin\.m2\repository\io\quarkus\quarkus-credentials\1.13.1.Final\quarkus-credentials-1.13.1.Final.jar;C:\Users\ikostin\.m2\repository\io\quarkus\quarkus-narayana-jta\1.13.1.Final\quarkus-narayana-jta-1.13.1.Final.jar;C:\Users\ikostin\.m2\repository\io\smallrye\smallrye-context-propagation-jta\1.1.0\smallrye-context-propagation-jta-1.1.0.jar;C:\Users\ikostin\.m2\repository\io\smallrye\reactive\smallrye-reactive-converter-api\1.4.0\smallrye-reactive-converter-api-1.4.0.jar;C:\Users\ikostin\.m2\repository\io\smallrye\reactive\smallrye-reactive-converter-mutiny\1.4.0\smallrye-reactive-converter-mutiny-1.4.0.jar;C:\Users\ikostin\.m2\repository\org\hibernate\hibernate-core\5.4.29.Final\hibernate-core-5.4.29.Final.jar;C:\Users\ikostin\.m2\repository\net\bytebuddy\byte-buddy\1.10.21\byte-buddy-1.10.21.jar;C:\Users\ikostin\.m2\repository\antlr\antlr\2.7.7\antlr-2.7.7.jar;C:\Users\ikostin\.m2\repository\org\dom4j\dom4j\2.1.3\dom4j-2.1.3.jar;C:\Users\ikostin\.m2\repository\org\hibernate\common\hibernate-commons-annotations\5.1.2.Final\hibernate-commons-annotations-5.1.2.Final.jar;C:\Users\ikostin\.m2\repository\org\hibernate\hibernate-graalvm\5.4.29.Final\hibernate-graalvm-5.4.29.Final.jar;C:\Users\ikostin\.m2\repository\org\glassfish\jaxb\jaxb-runtime\2.3.3-b02\jaxb-runtime-2.3.3-b02.jar;C:\Users\ikostin\.m2\repository\org\glassfish\jaxb\txw2\2.3.3-b02\txw2-2.3.3-b02.jar;C:\Users\ikostin\.m2\repository\com\sun\istack\istack-commons-runtime\3.0.10\istack-commons-runtime-3.0.10.jar;C:\Users\ikostin\.m2\repository\org\jboss\spec\javax\xml\bind\jboss-jaxb-api_2.3_spec\2.0.0.Final\jboss-jaxb-api_2.3_spec-2.0.0.Final.jar;C:\Users\ikostin\.m2\repository\jakarta\persistence\jakarta.persistence-api\2.2.3\jakarta.persistence-api-2.2.3.jar;C:\Users\ikostin\.m2\repository\jakarta\transaction\jakarta.transaction-api\1.3.3\jakarta.transaction-api-1.3.3.jar;C:\Users\ikostin\.m2\repository\org\hibernate\quarkus-local-cache\0.1.0\quarkus-local-cache-0.1.0.jar;C:\Users\ikostin\.m2\repository\com\github\ben-manes\caffeine\caffeine\2.9.0\caffeine-2.9.0.jar;C:\Users\ikostin\.m2\repository\com\google\errorprone\error_prone_annotations\2.2.0\error_prone_annotations-2.2.0.jar;C:\Users\ikostin\.m2\repository\io\quarkus\quarkus-caffeine\1.13.1.Final\quarkus-caffeine-1.13.1.Final.jar;C:\Users\ikostin\.m2\repository\io\quarkus\quarkus-hibernate-orm-panache-common\1.13.1.Final\quarkus-hibernate-orm-panache-common-1.13.1.Final.jar;C:\Users\ikostin\.m2\repository\io\quarkus\quarkus-panache-hibernate-common\1.13.1.Final\quarkus-panache-hibernate-common-1.13.1.Final.jar;C:\Users\ikostin\.m2\repository\io\quarkus\quarkus-arc\1.13.1.Final\quarkus-arc-1.13.1.Final.jar;C:\Users\ikostin\.m2\repository\io\quarkus\arc\arc\1.13.1.Final\arc-1.13.1.Final.jar;C:\Users\ikostin\.m2\repository\org\eclipse\microprofile\context-propagation\microprofile-context-propagation-api\1.0.1\microprofile-context-propagation-api-1.0.1.jar;C:\Users\ikostin\.m2\repository\io\quarkus\quarkus-panache-common\1.13.1.Final\quarkus-panache-common-1.13.1.Final.jar;C:\Users\ikostin\.m2\repository\io\quarkus\quarkus-hibernate-validator\1.13.1.Final\quarkus-hibernate-validator-1.13.1.Final.jar;C:\Users\ikostin\.m2\repository\org\hibernate\validator\hibernate-validator\6.2.0.Final\hibernate-validator-6.2.0.Final.jar;C:\Users\ikostin\.m2\repository\com\fasterxml\classmate\1.3.4\classmate-1.3.4.jar;C:\Users\ikostin\.m2\repository\org\glassfish\jakarta.el\3.0.3\jakarta.el-3.0.3.jar;C:\Users\ikostin\.m2\repository\io\quarkus\quarkus-resteasy-jsonb\1.13.1.Final\quarkus-resteasy-jsonb-1.13.1.Final.jar;C:\Users\ikostin\.m2\repository\io\quarkus\quarkus-jsonb\1.13.1.Final\quarkus-jsonb-1.13.1.Final.jar;C:\Users\ikostin\.m2\repository\org\eclipse\yasson\1.0.8\yasson-1.0.8.jar;C:\Users\ikostin\.m2\repository\io\quarkus\quarkus-jsonp\1.13.1.Final\quarkus-jsonp-1.13.1.Final.jar;C:\Users\ikostin\.m2\repository\org\jboss\resteasy\resteasy-json-binding-provider\4.5.9.Final\resteasy-json-binding-provider-4.5.9.Final.jar;C:\Users\ikostin\.m2\repository\org\glassfish\jakarta.json\1.1.6\jakarta.json-1.1.6.jar;C:\Users\ikostin\.m2\repository\jakarta\json\bind\jakarta.json.bind-api\1.0.2\jakarta.json.bind-api-1.0.2.jar;C:\Users\ikostin\.m2\repository\org\jboss\resteasy\resteasy-json-p-provider\4.5.9.Final\resteasy-json-p-provider-4.5.9.Final.jar;C:\Users\ikostin\.m2\repository\commons-io\commons-io\2.8.0\commons-io-2.8.0.jar;C:\Users\ikostin\.m2\repository\io\quarkus\quarkus-jdbc-postgresql\1.13.1.Final\quarkus-jdbc-postgresql-1.13.1.Final.jar;C:\Users\ikostin\.m2\repository\org\postgresql\postgresql\42.2.19\postgresql-42.2.19.jar;C:\Users\ikostin\.m2\repository\org\testcontainers\junit-jupiter\1.15.2\junit-jupiter-1.15.2.jar;C:\Users\ikostin\.m2\repository\org\testcontainers\testcontainers\1.15.2\testcontainers-1.15.2.jar;C:\Users\ikostin\.m2\repository\junit\junit\4.13.1\junit-4.13.1.jar;C:\Users\ikostin\.m2\repository\org\hamcrest\hamcrest-core\1.3\hamcrest-core-1.3.jar;C:\Users\ikostin\.m2\repository\org\apache\commons\commons-compress\1.20\commons-compress-1.20.jar;C:\Users\ikostin\.m2\repository\org\rnorth\duct-tape\duct-tape\1.0.8\duct-tape-1.0.8.jar;C:\Users\ikostin\.m2\repository\org\rnorth\visible-assertions\visible-assertions\2.1.2\visible-assertions-2.1.2.jar;C:\Users\ikostin\.m2\repository\net\java\dev\jna\jna\5.3.1\jna-5.3.1.jar;C:\Users\ikostin\.m2\repository\com\github\docker-java\docker-java-api\3.2.7\docker-java-api-3.2.7.jar;C:\Users\ikostin\.m2\repository\com\github\docker-java\docker-java-transport-zerodep\3.2.7\docker-java-transport-zerodep-3.2.7.jar;C:\Users\ikostin\.m2\repository\com\github\docker-java\docker-java-transport\3.2.7\docker-java-transport-3.2.7.jar;C:\Users\ikostin\.m2\repository\org\junit\jupiter\junit-jupiter-api\5.7.1\junit-jupiter-api-5.7.1.jar;C:\Users\ikostin\.m2\repository\org\apiguardian\apiguardian-api\1.1.0\apiguardian-api-1.1.0.jar;C:\Users\ikostin\.m2\repository\org\opentest4j\opentest4j\1.2.0\opentest4j-1.2.0.jar;C:\Users\ikostin\.m2\repository\org\junit\platform\junit-platform-commons\1.7.1\junit-platform-commons-1.7.1.jar;C:\Users\ikostin\.m2\repository\org\testcontainers\postgresql\1.15.2\postgresql-1.15.2.jar;C:\Users\ikostin\.m2\repository\org\testcontainers\jdbc\1.15.2\jdbc-1.15.2.jar;C:\Users\ikostin\.m2\repository\org\testcontainers\database-commons\1.15.2\database-commons-1.15.2.jar;C:\Users\ikostin\.m2\repository\com\fasterxml\jackson\core\jackson-databind\2.12.1\jackson-databind-2.12.1.jar;C:\Users\ikostin\.m2\repository\com\fasterxml\jackson\core\jackson-annotations\2.12.1\jackson-annotations-2.12.1.jar;C:\Users\ikostin\.m2\repository\com\fasterxml\jackson\core\jackson-core\2.12.1\jackson-core-2.12.1.jar;C:\Users\ikostin\.m2\repository\io\quarkus\quarkus-smallrye-openapi\1.13.1.Final\quarkus-smallrye-openapi-1.13.1.Final.jar;C:\Users\ikostin\.m2\repository\io\smallrye\smallrye-open-api-core\2.0.26\smallrye-open-api-core-2.0.26.jar;C:\Users\ikostin\.m2\repository\org\eclipse\microprofile\openapi\microprofile-openapi-api\1.1.3-RC1\microprofile-openapi-api-1.1.3-RC1.jar;C:\Users\ikostin\.m2\repository\org\eclipse\microprofile\config\microprofile-config-api\1.4\microprofile-config-api-1.4.jar;C:\Users\ikostin\.m2\repository\com\fasterxml\jackson\dataformat\jackson-dataformat-yaml\2.12.1\jackson-dataformat-yaml-2.12.1.jar;C:\Users\ikostin\.m2\repository\org\yaml\snakeyaml\1.28\snakeyaml-1.28.jar;C:\Users\ikostin\.m2\repository\io\quarkus\quarkus-swagger-ui\1.13.1.Final\quarkus-swagger-ui-1.13.1.Final.jar;C:\Users\ikostin\.m2\repository\io\quarkus\quarkus-vertx\1.13.1.Final\quarkus-vertx-1.13.1.Final.jar;C:\Users\ikostin\.m2\repository\io\quarkus\quarkus-netty\1.13.1.Final\quarkus-netty-1.13.1.Final.jar;C:\Users\ikostin\.m2\repository\io\netty\netty-codec\4.1.49.Final\netty-codec-4.1.49.Final.jar;C:\Users\ikostin\.m2\repository\io\netty\netty-common\4.1.49.Final\netty-common-4.1.49.Final.jar;C:\Users\ikostin\.m2\repository\io\netty\netty-buffer\4.1.49.Final\netty-buffer-4.1.49.Final.jar;C:\Users\ikostin\.m2\repository\io\netty\netty-transport\4.1.49.Final\netty-transport-4.1.49.Final.jar;C:\Users\ikostin\.m2\repository\io\netty\netty-handler\4.1.49.Final\netty-handler-4.1.49.Final.jar;C:\Users\ikostin\.m2\repository\io\netty\netty-resolver\4.1.49.Final\netty-resolver-4.1.49.Final.jar;C:\Users\ikostin\.m2\repository\io\quarkus\quarkus-jackson\1.13.1.Final\quarkus-jackson-1.13.1.Final.jar;C:\Users\ikostin\.m2\repository\com\fasterxml\jackson\datatype\jackson-datatype-jsr310\2.12.1\jackson-datatype-jsr310-2.12.1.jar;C:\Users\ikostin\.m2\repository\com\fasterxml\jackson\datatype\jackson-datatype-jdk8\2.12.1\jackson-datatype-jdk8-2.12.1.jar;C:\Users\ikostin\.m2\repository\com\fasterxml\jackson\module\jackson-module-parameter-names\2.12.1\jackson-module-parameter-names-2.12.1.jar;C:\Users\ikostin\.m2\repository\io\quarkus\quarkus-vertx-core\1.13.1.Final\quarkus-vertx-core-1.13.1.Final.jar;C:\Users\ikostin\.m2\repository\io\vertx\vertx-core\3.9.6\vertx-core-3.9.6.jar;C:\Users\ikostin\.m2\repository\io\netty\netty-handler-proxy\4.1.49.Final\netty-handler-proxy-4.1.49.Final.jar;C:\Users\ikostin\.m2\repository\io\netty\netty-codec-socks\4.1.49.Final\netty-codec-socks-4.1.49.Final.jar;C:\Users\ikostin\.m2\repository\io\netty\netty-codec-http\4.1.49.Final\netty-codec-http-4.1.49.Final.jar;C:\Users\ikostin\.m2\repository\io\netty\netty-codec-http2\4.1.49.Final\netty-codec-http2-4.1.49.Final.jar;C:\Users\ikostin\.m2\repository\io\netty\netty-resolver-dns\4.1.49.Final\netty-resolver-dns-4.1.49.Final.jar;C:\Users\ikostin\.m2\repository\io\netty\netty-codec-dns\4.1.49.Final\netty-codec-dns-4.1.49.Final.jar;C:\Users\ikostin\.m2\repository\io\smallrye\common\smallrye-common-annotation\1.5.0\smallrye-common-annotation-1.5.0.jar;C:\Users\ikostin\.m2\repository\io\quarkus\quarkus-mutiny\1.13.1.Final\quarkus-mutiny-1.13.1.Final.jar;C:\Users\ikostin\.m2\repository\io\smallrye\reactive\mutiny\0.14.0\mutiny-0.14.0.jar;C:\Users\ikostin\.m2\repository\org\reactivestreams\reactive-streams\1.0.3\reactive-streams-1.0.3.jar;C:\Users\ikostin\.m2\repository\io\quarkus\quarkus-smallrye-context-propagation\1.13.1.Final\quarkus-smallrye-context-propagation-1.13.1.Final.jar;C:\Users\ikostin\.m2\repository\io\smallrye\smallrye-context-propagation\1.1.0\smallrye-context-propagation-1.1.0.jar;C:\Users\ikostin\.m2\repository\io\smallrye\smallrye-context-propagation-api\1.1.0\smallrye-context-propagation-api-1.1.0.jar;C:\Users\ikostin\.m2\repository\io\smallrye\smallrye-context-propagation-storage\1.1.0\smallrye-context-propagation-storage-1.1.0.jar;C:\Users\ikostin\.m2\repository\io\smallrye\reactive\mutiny-smallrye-context-propagation\0.14.0\mutiny-smallrye-context-propagation-0.14.0.jar;C:\Users\ikostin\.m2\repository\io\smallrye\reactive\smallrye-mutiny-vertx-core\1.5.0\smallrye-mutiny-vertx-core-1.5.0.jar;C:\Users\ikostin\.m2\repository\io\smallrye\reactive\smallrye-mutiny-vertx-runtime\1.5.0\smallrye-mutiny-vertx-runtime-1.5.0.jar;C:\Users\ikostin\.m2\repository\io\smallrye\reactive\vertx-mutiny-generator\1.5.0\vertx-mutiny-generator-1.5.0.jar;C:\Users\ikostin\.m2\repository\io\vertx\vertx-codegen\3.9.6\vertx-codegen-3.9.6.jar;C:\Users\ikostin\.m2\repository\org\mvel\mvel2\2.4.12.Final\mvel2-2.4.12.Final.jar;"/>
    <property name="sun.cpu.endian" value="little"/>
    <property name="user.home" value="C:\Users\ikostin"/>
    <property name="user.language" value="en"/>
    <property name="java.specification.vendor" value="Oracle Corporation"/>
    <property name="jdk.module.path" value="c:\ikostin\CGI\Quarkus\quarkus-super-heroes-workshop\super-heroes\rest-hero\target\rest-hero-1.0-SNAPSHOT.jar"/>
    <property name="java.version.date" value="2018-09-25"/>
    <property name="java.home" value="C:\Programs\Development\Eclipse\jdk-11"/>
    <property name="org.testcontainers.shaded.io.netty.packagePrefix" value="org.testcontainers.shaded."/>
    <property name="file.separator" value="\"/>
    <property name="basedir" value="c:\ikostin\CGI\Quarkus\quarkus-super-heroes-workshop\super-heroes\rest-hero"/>
    <property name="java.vm.compressedOopsMode" value="Zero based"/>
    <property name="line.separator" value="&#10;"/>
    <property name="java.specification.name" value="Java Platform API Specification"/>
    <property name="java.vm.specification.vendor" value="Oracle Corporation"/>
    <property name="java.awt.graphicsenv" value="sun.awt.Win32GraphicsEnvironment"/>
    <property name="surefire.real.class.path" value="C:\Users\ikostin\.m2\repository\org\apache\maven\surefire\surefire-booter\3.0.0-M5\surefire-booter-3.0.0-M5.jar;C:\Users\ikostin\.m2\repository\org\apache\maven\surefire\surefire-api\3.0.0-M5\surefire-api-3.0.0-M5.jar;C:\Users\ikostin\.m2\repository\org\apache\maven\surefire\surefire-logger-api\3.0.0-M5\surefire-logger-api-3.0.0-M5.jar;C:\Users\ikostin\.m2\repository\org\apache\maven\surefire\surefire-shared-utils\3.0.0-M4\surefire-shared-utils-3.0.0-M4.jar;C:\Users\ikostin\.m2\repository\org\apache\maven\surefire\surefire-extensions-spi\3.0.0-M5\surefire-extensions-spi-3.0.0-M5.jar;c:\ikostin\CGI\Quarkus\quarkus-super-heroes-workshop\super-heroes\rest-hero\target\test-classes;C:\Users\ikostin\.m2\repository\io\quarkus\quarkus-resteasy\1.13.1.Final\quarkus-resteasy-1.13.1.Final.jar;C:\Users\ikostin\.m2\repository\io\quarkus\quarkus-vertx-http\1.13.1.Final\quarkus-vertx-http-1.13.1.Final.jar;C:\Users\ikostin\.m2\repository\io\quarkus\quarkus-security-runtime-spi\1.13.1.Final\quarkus-security-runtime-spi-1.13.1.Final.jar;C:\Users\ikostin\.m2\repository\io\quarkus\quarkus-vertx-http-dev-console-runtime-spi\1.13.1.Final\quarkus-vertx-http-dev-console-runtime-spi-1.13.1.Final.jar;C:\Users\ikostin\.m2\repository\io\quarkus\security\quarkus-security\1.1.4.Final\quarkus-security-1.1.4.Final.jar;C:\Users\ikostin\.m2\repository\io\vertx\vertx-web\3.9.6\vertx-web-3.9.6.jar;C:\Users\ikostin\.m2\repository\io\vertx\vertx-web-common\3.9.6\vertx-web-common-3.9.6.jar;C:\Users\ikostin\.m2\repository\io\vertx\vertx-auth-common\3.9.6\vertx-auth-common-3.9.6.jar;C:\Users\ikostin\.m2\repository\io\vertx\vertx-bridge-common\3.9.6\vertx-bridge-common-3.9.6.jar;C:\Users\ikostin\.m2\repository\io\quarkus\quarkus-resteasy-server-common\1.13.1.Final\quarkus-resteasy-server-common-1.13.1.Final.jar;C:\Users\ikostin\.m2\repository\io\quarkus\quarkus-resteasy-common\1.13.1.Final\quarkus-resteasy-common-1.13.1.Final.jar;C:\Users\ikostin\.m2\repository\org\jboss\resteasy\resteasy-core\4.5.9.Final\resteasy-core-4.5.9.Final.jar;C:\Users\ikostin\.m2\repository\org\jboss\spec\javax\ws\rs\jboss-jaxrs-api_2.1_spec\2.0.1.Final\jboss-jaxrs-api_2.1_spec-2.0.1.Final.jar;C:\Users\ikostin\.m2\repository\org\jboss\resteasy\resteasy-core-spi\4.5.9.Final\resteasy-core-spi-4.5.9.Final.jar;C:\Users\ikostin\.m2\repository\com\ibm\async\asyncutil\0.1.0\asyncutil-0.1.0.jar;C:\Users\ikostin\.m2\repository\com\sun\activation\jakarta.activation\1.2.1\jakarta.activation-1.2.1.jar;C:\Users\ikostin\.m2\repository\jakarta\validation\jakarta.validation-api\2.0.2\jakarta.validation-api-2.0.2.jar;C:\Users\ikostin\.m2\repository\io\quarkus\quarkus-junit5\1.13.1.Final\quarkus-junit5-1.13.1.Final.jar;C:\Users\ikostin\.m2\repository\io\quarkus\quarkus-bootstrap-core\1.13.1.Final\quarkus-bootstrap-core-1.13.1.Final.jar;C:\Users\ikostin\.m2\repository\io\quarkus\quarkus-bootstrap-app-model\1.13.1.Final\quarkus-bootstrap-app-model-1.13.1.Final.jar;C:\Users\ikostin\.m2\repository\io\quarkus\quarkus-bootstrap-maven-resolver\1.13.1.Final\quarkus-bootstrap-maven-resolver-1.13.1.Final.jar;C:\Users\ikostin\.m2\repository\org\apache\maven\maven-embedder\3.6.3\maven-embedder-3.6.3.jar;C:\Users\ikostin\.m2\repository\org\apache\maven\maven-settings\3.6.3\maven-settings-3.6.3.jar;C:\Users\ikostin\.m2\repository\org\apache\maven\maven-core\3.6.3\maven-core-3.6.3.jar;C:\Users\ikostin\.m2\repository\org\apache\maven\maven-artifact\3.6.3\maven-artifact-3.6.3.jar;C:\Users\ikostin\.m2\repository\org\codehaus\plexus\plexus-component-annotations\2.1.0\plexus-component-annotations-2.1.0.jar;C:\Users\ikostin\.m2\repository\org\apache\maven\maven-plugin-api\3.6.3\maven-plugin-api-3.6.3.jar;C:\Users\ikostin\.m2\repository\org\apache\maven\maven-model\3.6.3\maven-model-3.6.3.jar;C:\Users\ikostin\.m2\repository\org\apache\maven\maven-model-builder\3.6.3\maven-model-builder-3.6.3.jar;C:\Users\ikostin\.m2\repository\org\apache\maven\maven-builder-support\3.6.3\maven-builder-support-3.6.3.jar;C:\Users\ikostin\.m2\repository\org\apache\maven\resolver\maven-resolver-api\1.4.1\maven-resolver-api-1.4.1.jar;C:\Users\ikostin\.m2\repository\org\apache\maven\resolver\maven-resolver-util\1.4.1\maven-resolver-util-1.4.1.jar;C:\Users\ikostin\.m2\repository\org\apache\maven\shared\maven-shared-utils\3.2.1\maven-shared-utils-3.2.1.jar;C:\Users\ikostin\.m2\repository\com\google\inject\guice\4.2.1\guice-4.2.1-no_aop.jar;C:\Users\ikostin\.m2\repository\com\google\guava\guava\30.1-jre\guava-30.1-jre.jar;C:\Users\ikostin\.m2\repository\com\google\guava\failureaccess\1.0.1\failureaccess-1.0.1.jar;C:\Users\ikostin\.m2\repository\com\google\guava\listenablefuture\9999.0-empty-to-avoid-conflict-with-guava\listenablefuture-9999.0-empty-to-avoid-conflict-with-guava.jar;C:\Users\ikostin\.m2\repository\org\codehaus\plexus\plexus-utils\3.2.1\plexus-utils-3.2.1.jar;C:\Users\ikostin\.m2\repository\org\codehaus\plexus\plexus-classworlds\2.6.0\plexus-classworlds-2.6.0.jar;C:\Users\ikostin\.m2\repository\commons-cli\commons-cli\1.4\commons-cli-1.4.jar;C:\Users\ikostin\.m2\repository\org\eclipse\sisu\org.eclipse.sisu.plexus\0.3.4\org.eclipse.sisu.plexus-0.3.4.jar;C:\Users\ikostin\.m2\repository\org\apache\maven\maven-settings-builder\3.6.3\maven-settings-builder-3.6.3.jar;C:\Users\ikostin\.m2\repository\org\codehaus\plexus\plexus-interpolation\1.25\plexus-interpolation-1.25.jar;C:\Users\ikostin\.m2\repository\org\sonatype\plexus\plexus-sec-dispatcher\1.4\plexus-sec-dispatcher-1.4.jar;C:\Users\ikostin\.m2\repository\org\sonatype\plexus\plexus-cipher\1.4\plexus-cipher-1.4.jar;C:\Users\ikostin\.m2\repository\org\apache\maven\maven-resolver-provider\3.6.3\maven-resolver-provider-3.6.3.jar;C:\Users\ikostin\.m2\repository\org\apache\maven\maven-repository-metadata\3.6.3\maven-repository-metadata-3.6.3.jar;C:\Users\ikostin\.m2\repository\org\apache\maven\resolver\maven-resolver-spi\1.4.1\maven-resolver-spi-1.4.1.jar;C:\Users\ikostin\.m2\repository\org\apache\maven\resolver\maven-resolver-impl\1.4.1\maven-resolver-impl-1.4.1.jar;C:\Users\ikostin\.m2\repository\org\apache\maven\resolver\maven-resolver-connector-basic\1.4.1\maven-resolver-connector-basic-1.4.1.jar;C:\Users\ikostin\.m2\repository\org\apache\maven\resolver\maven-resolver-transport-wagon\1.4.1\maven-resolver-transport-wagon-1.4.1.jar;C:\Users\ikostin\.m2\repository\org\apache\maven\wagon\wagon-http\3.3.4\wagon-http-3.3.4.jar;C:\Users\ikostin\.m2\repository\org\apache\maven\wagon\wagon-http-shared\3.3.4\wagon-http-shared-3.3.4.jar;C:\Users\ikostin\.m2\repository\org\jsoup\jsoup\1.12.1\jsoup-1.12.1.jar;C:\Users\ikostin\.m2\repository\org\apache\maven\wagon\wagon-provider-api\3.3.4\wagon-provider-api-3.3.4.jar;C:\Users\ikostin\.m2\repository\org\apache\maven\wagon\wagon-file\3.3.4\wagon-file-3.3.4.jar;C:\Users\ikostin\.m2\repository\io\quarkus\quarkus-bootstrap-gradle-resolver\1.13.1.Final\quarkus-bootstrap-gradle-resolver-1.13.1.Final.jar;C:\Users\ikostin\.m2\repository\io\smallrye\common\smallrye-common-io\1.5.0\smallrye-common-io-1.5.0.jar;C:\Users\ikostin\.m2\repository\org\eclipse\sisu\org.eclipse.sisu.inject\0.3.4\org.eclipse.sisu.inject-0.3.4.jar;C:\Users\ikostin\.m2\repository\io\quarkus\quarkus-test-common\1.13.1.Final\quarkus-test-common-1.13.1.Final.jar;C:\Users\ikostin\.m2\repository\io\quarkus\quarkus-core-deployment\1.13.1.Final\quarkus-core-deployment-1.13.1.Final.jar;C:\Users\ikostin\.m2\repository\io\quarkus\gizmo\gizmo\1.0.7.Final\gizmo-1.0.7.Final.jar;C:\Users\ikostin\.m2\repository\org\ow2\asm\asm-util\9.1\asm-util-9.1.jar;C:\Users\ikostin\.m2\repository\org\ow2\asm\asm-tree\9.1\asm-tree-9.1.jar;C:\Users\ikostin\.m2\repository\org\ow2\asm\asm-analysis\9.1\asm-analysis-9.1.jar;C:\Users\ikostin\.m2\repository\org\ow2\asm\asm\9.1\asm-9.1.jar;C:\Users\ikostin\.m2\repository\io\quarkus\quarkus-class-change-agent\1.13.1.Final\quarkus-class-change-agent-1.13.1.Final.jar;C:\Users\ikostin\.m2\repository\io\quarkus\quarkus-devtools-utilities\1.13.1.Final\quarkus-devtools-utilities-1.13.1.Final.jar;C:\Users\ikostin\.m2\repository\io\quarkus\quarkus-builder\1.13.1.Final\quarkus-builder-1.13.1.Final.jar;C:\Users\ikostin\.m2\repository\io\quarkus\quarkus-jsonp-deployment\1.13.1.Final\quarkus-jsonp-deployment-1.13.1.Final.jar;C:\Users\ikostin\.m2\repository\org\jboss\jandex\2.2.3.Final\jandex-2.2.3.Final.jar;C:\Users\ikostin\.m2\repository\org\jboss\logging\commons-logging-jboss-logging\1.0.0.Final\commons-logging-jboss-logging-1.0.0.Final.jar;C:\Users\ikostin\.m2\repository\org\junit\jupiter\junit-jupiter\5.7.1\junit-jupiter-5.7.1.jar;C:\Users\ikostin\.m2\repository\org\junit\jupiter\junit-jupiter-params\5.7.1\junit-jupiter-params-5.7.1.jar;C:\Users\ikostin\.m2\repository\org\junit\jupiter\junit-jupiter-engine\5.7.1\junit-jupiter-engine-5.7.1.jar;C:\Users\ikostin\.m2\repository\org\junit\platform\junit-platform-engine\1.7.1\junit-platform-engine-1.7.1.jar;C:\Users\ikostin\.m2\repository\io\quarkus\quarkus-core\1.13.1.Final\quarkus-core-1.13.1.Final.jar;C:\Users\ikostin\.m2\repository\jakarta\annotation\jakarta.annotation-api\1.3.5\jakarta.annotation-api-1.3.5.jar;C:\Users\ikostin\.m2\repository\jakarta\enterprise\jakarta.enterprise.cdi-api\2.0.2\jakarta.enterprise.cdi-api-2.0.2.jar;C:\Users\ikostin\.m2\repository\jakarta\el\jakarta.el-api\3.0.3\jakarta.el-api-3.0.3.jar;C:\Users\ikostin\.m2\repository\jakarta\interceptor\jakarta.interceptor-api\1.2.5\jakarta.interceptor-api-1.2.5.jar;C:\Users\ikostin\.m2\repository\jakarta\inject\jakarta.inject-api\1.0\jakarta.inject-api-1.0.jar;C:\Users\ikostin\.m2\repository\io\quarkus\quarkus-ide-launcher\1.13.1.Final\quarkus-ide-launcher-1.13.1.Final.jar;C:\Users\ikostin\.m2\repository\io\quarkus\quarkus-development-mode-spi\1.13.1.Final\quarkus-development-mode-spi-1.13.1.Final.jar;C:\Users\ikostin\.m2\repository\io\smallrye\config\smallrye-config\1.11.1\smallrye-config-1.11.1.jar;C:\Users\ikostin\.m2\repository\io\smallrye\common\smallrye-common-expression\1.5.0\smallrye-common-expression-1.5.0.jar;C:\Users\ikostin\.m2\repository\io\smallrye\common\smallrye-common-function\1.5.0\smallrye-common-function-1.5.0.jar;C:\Users\ikostin\.m2\repository\io\smallrye\common\smallrye-common-constraint\1.5.0\smallrye-common-constraint-1.5.0.jar;C:\Users\ikostin\.m2\repository\io\smallrye\common\smallrye-common-classloader\1.5.0\smallrye-common-classloader-1.5.0.jar;C:\Users\ikostin\.m2\repository\io\smallrye\config\smallrye-config-common\1.11.1\smallrye-config-common-1.11.1.jar;C:\Users\ikostin\.m2\repository\org\jboss\logging\jboss-logging\3.4.1.Final\jboss-logging-3.4.1.Final.jar;C:\Users\ikostin\.m2\repository\org\jboss\logmanager\jboss-logmanager-embedded\1.0.9\jboss-logmanager-embedded-1.0.9.jar;C:\Users\ikostin\.m2\repository\org\jboss\logging\jboss-logging-annotations\2.2.0.Final\jboss-logging-annotations-2.2.0.Final.jar;C:\Users\ikostin\.m2\repository\org\jboss\threads\jboss-threads\3.2.0.Final\jboss-threads-3.2.0.Final.jar;C:\Users\ikostin\.m2\repository\org\slf4j\slf4j-api\1.7.30\slf4j-api-1.7.30.jar;C:\Users\ikostin\.m2\repository\org\jboss\slf4j\slf4j-jboss-logmanager\1.1.0.Final\slf4j-jboss-logmanager-1.1.0.Final.jar;C:\Users\ikostin\.m2\repository\org\graalvm\sdk\graal-sdk\21.0.0\graal-sdk-21.0.0.jar;C:\Users\ikostin\.m2\repository\org\wildfly\common\wildfly-common\1.5.4.Final-format-001\wildfly-common-1.5.4.Final-format-001.jar;C:\Users\ikostin\.m2\repository\io\quarkus\quarkus-bootstrap-runner\1.13.1.Final\quarkus-bootstrap-runner-1.13.1.Final.jar;C:\Users\ikostin\.m2\repository\io\quarkus\quarkus-datasource-deployment-spi\1.13.1.Final\quarkus-datasource-deployment-spi-1.13.1.Final.jar;C:\Users\ikostin\.m2\repository\io\quarkus\quarkus-arc-deployment\1.13.1.Final\quarkus-arc-deployment-1.13.1.Final.jar;C:\Users\ikostin\.m2\repository\io\quarkus\quarkus-vertx-http-dev-console-spi\1.13.1.Final\quarkus-vertx-http-dev-console-spi-1.13.1.Final.jar;C:\Users\ikostin\.m2\repository\io\quarkus\arc\arc-processor\1.13.1.Final\arc-processor-1.13.1.Final.jar;C:\Users\ikostin\.m2\repository\io\quarkus\quarkus-datasource-common\1.13.1.Final\quarkus-datasource-common-1.13.1.Final.jar;C:\Users\ikostin\.m2\repository\com\thoughtworks\xstream\xstream\1.4.16\xstream-1.4.16.jar;C:\Users\ikostin\.m2\repository\io\github\x-stream\mxparser\1.2.1\mxparser-1.2.1.jar;C:\Users\ikostin\.m2\repository\xmlpull\xmlpull\1.1.3.1\xmlpull-1.1.3.1.jar;C:\Users\ikostin\.m2\repository\io\rest-assured\rest-assured\4.3.3\rest-assured-4.3.3.jar;C:\Users\ikostin\.m2\repository\org\codehaus\groovy\groovy\3.0.5\groovy-3.0.5.jar;C:\Users\ikostin\.m2\repository\org\codehaus\groovy\groovy-xml\3.0.7\groovy-xml-3.0.7.jar;C:\Users\ikostin\.m2\repository\org\apache\httpcomponents\httpclient\4.5.13\httpclient-4.5.13.jar;C:\Users\ikostin\.m2\repository\org\apache\httpcomponents\httpcore\4.4.14\httpcore-4.4.14.jar;C:\Users\ikostin\.m2\repository\commons-codec\commons-codec\1.14\commons-codec-1.14.jar;C:\Users\ikostin\.m2\repository\org\apache\httpcomponents\httpmime\4.5.13\httpmime-4.5.13.jar;C:\Users\ikostin\.m2\repository\org\hamcrest\hamcrest\2.1\hamcrest-2.1.jar;C:\Users\ikostin\.m2\repository\org\ccil\cowan\tagsoup\tagsoup\1.2.1\tagsoup-1.2.1.jar;C:\Users\ikostin\.m2\repository\io\rest-assured\json-path\4.3.3\json-path-4.3.3.jar;C:\Users\ikostin\.m2\repository\org\codehaus\groovy\groovy-json\3.0.5\groovy-json-3.0.5.jar;C:\Users\ikostin\.m2\repository\io\rest-assured\rest-assured-common\4.3.3\rest-assured-common-4.3.3.jar;C:\Users\ikostin\.m2\repository\io\rest-assured\xml-path\4.3.3\xml-path-4.3.3.jar;C:\Users\ikostin\.m2\repository\org\apache\commons\commons-lang3\3.12.0\commons-lang3-3.12.0.jar;C:\Users\ikostin\.m2\repository\jakarta\xml\bind\jakarta.xml.bind-api\2.3.3\jakarta.xml.bind-api-2.3.3.jar;C:\Users\ikostin\.m2\repository\jakarta\activation\jakarta.activation-api\1.2.1\jakarta.activation-api-1.2.1.jar;C:\Users\ikostin\.m2\repository\com\sun\xml\bind\jaxb-impl\2.3.3\jaxb-impl-2.3.3.jar;C:\Users\ikostin\.m2\repository\io\quarkus\quarkus-hibernate-orm-panache\1.13.1.Final\quarkus-hibernate-orm-panache-1.13.1.Final.jar;C:\Users\ikostin\.m2\repository\io\quarkus\quarkus-hibernate-orm\1.13.1.Final\quarkus-hibernate-orm-1.13.1.Final.jar;C:\Users\ikostin\.m2\repository\io\quarkus\quarkus-agroal\1.13.1.Final\quarkus-agroal-1.13.1.Final.jar;C:\Users\ikostin\.m2\repository\io\quarkus\quarkus-datasource\1.13.1.Final\quarkus-datasource-1.13.1.Final.jar;C:\Users\ikostin\.m2\repository\org\jboss\narayana\jta\narayana-jta\5.10.6.Final\narayana-jta-5.10.6.Final.jar;C:\Users\ikostin\.m2\repository\org\jboss\jboss-transaction-spi\7.6.0.Final\jboss-transaction-spi-7.6.0.Final.jar;C:\Users\ikostin\.m2\repository\org\jboss\spec\javax\resource\jboss-connector-api_1.7_spec\1.0.0.Final\jboss-connector-api_1.7_spec-1.0.0.Final.jar;C:\Users\ikostin\.m2\repository\org\jboss\narayana\jts\narayana-jts-integration\5.10.6.Final\narayana-jts-integration-5.10.6.Final.jar;C:\Users\ikostin\.m2\repository\io\agroal\agroal-api\1.9\agroal-api-1.9.jar;C:\Users\ikostin\.m2\repository\io\agroal\agroal-narayana\1.9\agroal-narayana-1.9.jar;C:\Users\ikostin\.m2\repository\io\agroal\agroal-pool\1.9\agroal-pool-1.9.jar;C:\Users\ikostin\.m2\repository\io\quarkus\quarkus-credentials\1.13.1.Final\quarkus-credentials-1.13.1.Final.jar;C:\Users\ikostin\.m2\repository\io\quarkus\quarkus-narayana-jta\1.13.1.Final\quarkus-narayana-jta-1.13.1.Final.jar;C:\Users\ikostin\.m2\repository\io\smallrye\smallrye-context-propagation-jta\1.1.0\smallrye-context-propagation-jta-1.1.0.jar;C:\Users\ikostin\.m2\repository\io\smallrye\reactive\smallrye-reactive-converter-api\1.4.0\smallrye-reactive-converter-api-1.4.0.jar;C:\Users\ikostin\.m2\repository\io\smallrye\reactive\smallrye-reactive-converter-mutiny\1.4.0\smallrye-reactive-converter-mutiny-1.4.0.jar;C:\Users\ikostin\.m2\repository\org\hibernate\hibernate-core\5.4.29.Final\hibernate-core-5.4.29.Final.jar;C:\Users\ikostin\.m2\repository\net\bytebuddy\byte-buddy\1.10.21\byte-buddy-1.10.21.jar;C:\Users\ikostin\.m2\repository\antlr\antlr\2.7.7\antlr-2.7.7.jar;C:\Users\ikostin\.m2\repository\org\dom4j\dom4j\2.1.3\dom4j-2.1.3.jar;C:\Users\ikostin\.m2\repository\org\hibernate\common\hibernate-commons-annotations\5.1.2.Final\hibernate-commons-annotations-5.1.2.Final.jar;C:\Users\ikostin\.m2\repository\org\hibernate\hibernate-graalvm\5.4.29.Final\hibernate-graalvm-5.4.29.Final.jar;C:\Users\ikostin\.m2\repository\org\glassfish\jaxb\jaxb-runtime\2.3.3-b02\jaxb-runtime-2.3.3-b02.jar;C:\Users\ikostin\.m2\repository\org\glassfish\jaxb\txw2\2.3.3-b02\txw2-2.3.3-b02.jar;C:\Users\ikostin\.m2\repository\com\sun\istack\istack-commons-runtime\3.0.10\istack-commons-runtime-3.0.10.jar;C:\Users\ikostin\.m2\repository\org\jboss\spec\javax\xml\bind\jboss-jaxb-api_2.3_spec\2.0.0.Final\jboss-jaxb-api_2.3_spec-2.0.0.Final.jar;C:\Users\ikostin\.m2\repository\jakarta\persistence\jakarta.persistence-api\2.2.3\jakarta.persistence-api-2.2.3.jar;C:\Users\ikostin\.m2\repository\jakarta\transaction\jakarta.transaction-api\1.3.3\jakarta.transaction-api-1.3.3.jar;C:\Users\ikostin\.m2\repository\org\hibernate\quarkus-local-cache\0.1.0\quarkus-local-cache-0.1.0.jar;C:\Users\ikostin\.m2\repository\com\github\ben-manes\caffeine\caffeine\2.9.0\caffeine-2.9.0.jar;C:\Users\ikostin\.m2\repository\com\google\errorprone\error_prone_annotations\2.2.0\error_prone_annotations-2.2.0.jar;C:\Users\ikostin\.m2\repository\io\quarkus\quarkus-caffeine\1.13.1.Final\quarkus-caffeine-1.13.1.Final.jar;C:\Users\ikostin\.m2\repository\io\quarkus\quarkus-hibernate-orm-panache-common\1.13.1.Final\quarkus-hibernate-orm-panache-common-1.13.1.Final.jar;C:\Users\ikostin\.m2\repository\io\quarkus\quarkus-panache-hibernate-common\1.13.1.Final\quarkus-panache-hibernate-common-1.13.1.Final.jar;C:\Users\ikostin\.m2\repository\io\quarkus\quarkus-arc\1.13.1.Final\quarkus-arc-1.13.1.Final.jar;C:\Users\ikostin\.m2\repository\io\quarkus\arc\arc\1.13.1.Final\arc-1.13.1.Final.jar;C:\Users\ikostin\.m2\repository\org\eclipse\microprofile\context-propagation\microprofile-context-propagation-api\1.0.1\microprofile-context-propagation-api-1.0.1.jar;C:\Users\ikostin\.m2\repository\io\quarkus\quarkus-panache-common\1.13.1.Final\quarkus-panache-common-1.13.1.Final.jar;C:\Users\ikostin\.m2\repository\io\quarkus\quarkus-hibernate-validator\1.13.1.Final\quarkus-hibernate-validator-1.13.1.Final.jar;C:\Users\ikostin\.m2\repository\org\hibernate\validator\hibernate-validator\6.2.0.Final\hibernate-validator-6.2.0.Final.jar;C:\Users\ikostin\.m2\repository\com\fasterxml\classmate\1.3.4\classmate-1.3.4.jar;C:\Users\ikostin\.m2\repository\org\glassfish\jakarta.el\3.0.3\jakarta.el-3.0.3.jar;C:\Users\ikostin\.m2\repository\io\quarkus\quarkus-resteasy-jsonb\1.13.1.Final\quarkus-resteasy-jsonb-1.13.1.Final.jar;C:\Users\ikostin\.m2\repository\io\quarkus\quarkus-jsonb\1.13.1.Final\quarkus-jsonb-1.13.1.Final.jar;C:\Users\ikostin\.m2\repository\org\eclipse\yasson\1.0.8\yasson-1.0.8.jar;C:\Users\ikostin\.m2\repository\io\quarkus\quarkus-jsonp\1.13.1.Final\quarkus-jsonp-1.13.1.Final.jar;C:\Users\ikostin\.m2\repository\org\jboss\resteasy\resteasy-json-binding-provider\4.5.9.Final\resteasy-json-binding-provider-4.5.9.Final.jar;C:\Users\ikostin\.m2\repository\org\glassfish\jakarta.json\1.1.6\jakarta.json-1.1.6.jar;C:\Users\ikostin\.m2\repository\jakarta\json\bind\jakarta.json.bind-api\1.0.2\jakarta.json.bind-api-1.0.2.jar;C:\Users\ikostin\.m2\repository\org\jboss\resteasy\resteasy-json-p-provider\4.5.9.Final\resteasy-json-p-provider-4.5.9.Final.jar;C:\Users\ikostin\.m2\repository\commons-io\commons-io\2.8.0\commons-io-2.8.0.jar;C:\Users\ikostin\.m2\repository\io\quarkus\quarkus-jdbc-postgresql\1.13.1.Final\quarkus-jdbc-postgresql-1.13.1.Final.jar;C:\Users\ikostin\.m2\repository\org\postgresql\postgresql\42.2.19\postgresql-42.2.19.jar;C:\Users\ikostin\.m2\repository\org\testcontainers\junit-jupiter\1.15.2\junit-jupiter-1.15.2.jar;C:\Users\ikostin\.m2\repository\org\testcontainers\testcontainers\1.15.2\testcontainers-1.15.2.jar;C:\Users\ikostin\.m2\repository\junit\junit\4.13.1\junit-4.13.1.jar;C:\Users\ikostin\.m2\repository\org\hamcrest\hamcrest-core\1.3\hamcrest-core-1.3.jar;C:\Users\ikostin\.m2\repository\org\apache\commons\commons-compress\1.20\commons-compress-1.20.jar;C:\Users\ikostin\.m2\repository\org\rnorth\duct-tape\duct-tape\1.0.8\duct-tape-1.0.8.jar;C:\Users\ikostin\.m2\repository\org\rnorth\visible-assertions\visible-assertions\2.1.2\visible-assertions-2.1.2.jar;C:\Users\ikostin\.m2\repository\net\java\dev\jna\jna\5.3.1\jna-5.3.1.jar;C:\Users\ikostin\.m2\repository\com\github\docker-java\docker-java-api\3.2.7\docker-java-api-3.2.7.jar;C:\Users\ikostin\.m2\repository\com\github\docker-java\docker-java-transport-zerodep\3.2.7\docker-java-transport-zerodep-3.2.7.jar;C:\Users\ikostin\.m2\repository\com\github\docker-java\docker-java-transport\3.2.7\docker-java-transport-3.2.7.jar;C:\Users\ikostin\.m2\repository\org\junit\jupiter\junit-jupiter-api\5.7.1\junit-jupiter-api-5.7.1.jar;C:\Users\ikostin\.m2\repository\org\apiguardian\apiguardian-api\1.1.0\apiguardian-api-1.1.0.jar;C:\Users\ikostin\.m2\repository\org\opentest4j\opentest4j\1.2.0\opentest4j-1.2.0.jar;C:\Users\ikostin\.m2\repository\org\junit\platform\junit-platform-commons\1.7.1\junit-platform-commons-1.7.1.jar;C:\Users\ikostin\.m2\repository\org\testcontainers\postgresql\1.15.2\postgresql-1.15.2.jar;C:\Users\ikostin\.m2\repository\org\testcontainers\jdbc\1.15.2\jdbc-1.15.2.jar;C:\Users\ikostin\.m2\repository\org\testcontainers\database-commons\1.15.2\database-commons-1.15.2.jar;C:\Users\ikostin\.m2\repository\com\fasterxml\jackson\core\jackson-databind\2.12.1\jackson-databind-2.12.1.jar;C:\Users\ikostin\.m2\repository\com\fasterxml\jackson\core\jackson-annotations\2.12.1\jackson-annotations-2.12.1.jar;C:\Users\ikostin\.m2\repository\com\fasterxml\jackson\core\jackson-core\2.12.1\jackson-core-2.12.1.jar;C:\Users\ikostin\.m2\repository\io\quarkus\quarkus-smallrye-openapi\1.13.1.Final\quarkus-smallrye-openapi-1.13.1.Final.jar;C:\Users\ikostin\.m2\repository\io\smallrye\smallrye-open-api-core\2.0.26\smallrye-open-api-core-2.0.26.jar;C:\Users\ikostin\.m2\repository\org\eclipse\microprofile\openapi\microprofile-openapi-api\1.1.3-RC1\microprofile-openapi-api-1.1.3-RC1.jar;C:\Users\ikostin\.m2\repository\org\eclipse\microprofile\config\microprofile-config-api\1.4\microprofile-config-api-1.4.jar;C:\Users\ikostin\.m2\repository\com\fasterxml\jackson\dataformat\jackson-dataformat-yaml\2.12.1\jackson-dataformat-yaml-2.12.1.jar;C:\Users\ikostin\.m2\repository\org\yaml\snakeyaml\1.28\snakeyaml-1.28.jar;C:\Users\ikostin\.m2\repository\io\quarkus\quarkus-swagger-ui\1.13.1.Final\quarkus-swagger-ui-1.13.1.Final.jar;C:\Users\ikostin\.m2\repository\io\quarkus\quarkus-vertx\1.13.1.Final\quarkus-vertx-1.13.1.Final.jar;C:\Users\ikostin\.m2\repository\io\quarkus\quarkus-netty\1.13.1.Final\quarkus-netty-1.13.1.Final.jar;C:\Users\ikostin\.m2\repository\io\netty\netty-codec\4.1.49.Final\netty-codec-4.1.49.Final.jar;C:\Users\ikostin\.m2\repository\io\netty\netty-common\4.1.49.Final\netty-common-4.1.49.Final.jar;C:\Users\ikostin\.m2\repository\io\netty\netty-buffer\4.1.49.Final\netty-buffer-4.1.49.Final.jar;C:\Users\ikostin\.m2\repository\io\netty\netty-transport\4.1.49.Final\netty-transport-4.1.49.Final.jar;C:\Users\ikostin\.m2\repository\io\netty\netty-handler\4.1.49.Final\netty-handler-4.1.49.Final.jar;C:\Users\ikostin\.m2\repository\io\netty\netty-resolver\4.1.49.Final\netty-resolver-4.1.49.Final.jar;C:\Users\ikostin\.m2\repository\io\quarkus\quarkus-jackson\1.13.1.Final\quarkus-jackson-1.13.1.Final.jar;C:\Users\ikostin\.m2\repository\com\fasterxml\jackson\datatype\jackson-datatype-jsr310\2.12.1\jackson-datatype-jsr310-2.12.1.jar;C:\Users\ikostin\.m2\repository\com\fasterxml\jackson\datatype\jackson-datatype-jdk8\2.12.1\jackson-datatype-jdk8-2.12.1.jar;C:\Users\ikostin\.m2\repository\com\fasterxml\jackson\module\jackson-module-parameter-names\2.12.1\jackson-module-parameter-names-2.12.1.jar;C:\Users\ikostin\.m2\repository\io\quarkus\quarkus-vertx-core\1.13.1.Final\quarkus-vertx-core-1.13.1.Final.jar;C:\Users\ikostin\.m2\repository\io\vertx\vertx-core\3.9.6\vertx-core-3.9.6.jar;C:\Users\ikostin\.m2\repository\io\netty\netty-handler-proxy\4.1.49.Final\netty-handler-proxy-4.1.49.Final.jar;C:\Users\ikostin\.m2\repository\io\netty\netty-codec-socks\4.1.49.Final\netty-codec-socks-4.1.49.Final.jar;C:\Users\ikostin\.m2\repository\io\netty\netty-codec-http\4.1.49.Final\netty-codec-http-4.1.49.Final.jar;C:\Users\ikostin\.m2\repository\io\netty\netty-codec-http2\4.1.49.Final\netty-codec-http2-4.1.49.Final.jar;C:\Users\ikostin\.m2\repository\io\netty\netty-resolver-dns\4.1.49.Final\netty-resolver-dns-4.1.49.Final.jar;C:\Users\ikostin\.m2\repository\io\netty\netty-codec-dns\4.1.49.Final\netty-codec-dns-4.1.49.Final.jar;C:\Users\ikostin\.m2\repository\io\smallrye\common\smallrye-common-annotation\1.5.0\smallrye-common-annotation-1.5.0.jar;C:\Users\ikostin\.m2\repository\io\quarkus\quarkus-mutiny\1.13.1.Final\quarkus-mutiny-1.13.1.Final.jar;C:\Users\ikostin\.m2\repository\io\smallrye\reactive\mutiny\0.14.0\mutiny-0.14.0.jar;C:\Users\ikostin\.m2\repository\org\reactivestreams\reactive-streams\1.0.3\reactive-streams-1.0.3.jar;C:\Users\ikostin\.m2\repository\io\quarkus\quarkus-smallrye-context-propagation\1.13.1.Final\quarkus-smallrye-context-propagation-1.13.1.Final.jar;C:\Users\ikostin\.m2\repository\io\smallrye\smallrye-context-propagation\1.1.0\smallrye-context-propagation-1.1.0.jar;C:\Users\ikostin\.m2\repository\io\smallrye\smallrye-context-propagation-api\1.1.0\smallrye-context-propagation-api-1.1.0.jar;C:\Users\ikostin\.m2\repository\io\smallrye\smallrye-context-propagation-storage\1.1.0\smallrye-context-propagation-storage-1.1.0.jar;C:\Users\ikostin\.m2\repository\io\smallrye\reactive\mutiny-smallrye-context-propagation\0.14.0\mutiny-smallrye-context-propagation-0.14.0.jar;C:\Users\ikostin\.m2\repository\io\smallrye\reactive\smallrye-mutiny-vertx-core\1.5.0\smallrye-mutiny-vertx-core-1.5.0.jar;C:\Users\ikostin\.m2\repository\io\smallrye\reactive\smallrye-mutiny-vertx-runtime\1.5.0\smallrye-mutiny-vertx-runtime-1.5.0.jar;C:\Users\ikostin\.m2\repository\io\smallrye\reactive\vertx-mutiny-generator\1.5.0\vertx-mutiny-generator-1.5.0.jar;C:\Users\ikostin\.m2\repository\io\vertx\vertx-codegen\3.9.6\vertx-codegen-3.9.6.jar;C:\Users\ikostin\.m2\repository\org\mvel\mvel2\2.4.12.Final\mvel2-2.4.12.Final.jar;C:\Users\ikostin\.m2\repository\org\apache\maven\surefire\surefire-junit-platform\3.0.0-M5\surefire-junit-platform-3.0.0-M5.jar;C:\Users\ikostin\.m2\repository\org\apache\maven\surefire\common-java5\3.0.0-M5\common-java5-3.0.0-M5.jar;C:\Users\ikostin\.m2\repository\org\junit\platform\junit-platform-launcher\1.7.1\junit-platform-launcher-1.7.1.jar"/>
    <property name="user.script" value=""/>
    <property name="sun.management.compiler" value="HotSpot 64-Bit Tiered Compilers"/>
    <property name="java.runtime.version" value="11+28"/>
    <property name="user.name" value="ikostin"/>
    <property name="path.separator" value=";"/>
    <property name="os.version" value="6.1"/>
    <property name="java.runtime.name" value="OpenJDK Runtime Environment"/>
    <property name="file.encoding" value="Cp1252"/>
    <property name="java.vm.name" value="OpenJDK 64-Bit Server VM"/>
    <property name="java.vendor.version" value="18.9"/>
    <property name="quarkus.datasource.jdbc.url" value="jdbc:postgresql://192.168.99.100:32773/heroes_database?loggerLevel=OFF"/>
    <property name="localRepository" value="C:\Users\ikostin\.m2\repository"/>
    <property name="java.vendor.url.bug" value="http://bugreport.java.com/bugreport/"/>
    <property name="java.io.tmpdir" value="C:\Users\ikostin\AppData\Local\Temp\"/>
    <property name="java.version" value="11"/>
    <property name="user.dir" value="c:\ikostin\CGI\Quarkus\quarkus-super-heroes-workshop\super-heroes\rest-hero"/>
    <property name="os.arch" value="amd64"/>
    <property name="java.vm.specification.name" value="Java Virtual Machine Specification"/>
    <property name="java.awt.printerjob" value="sun.awt.windows.WPrinterJob"/>
    <property name="user.language.format" value="ru"/>
    <property name="sun.os.patch.level" value="Service Pack 1"/>
    <property name="java.library.path" value="C:\Programs\Development\Eclipse\jdk-11\bin;C:\Windows\Sun\Java\bin;C:\Windows\system32;C:\Windows;C:\Program Files (x86)\Microsoft Visual Studio\2019\BuildTools\VC\Tools\MSVC\14.28.29910\bin\HostX64\x64;C:\Program Files (x86)\Microsoft Visual Studio\2019\BuildTools\Common7\IDE\VC\VCPackages;C:\Program Files (x86)\Microsoft Visual Studio\2019\BuildTools\Common7\IDE\CommonExtensions\Microsoft\TestWindow;C:\Program Files (x86)\Microsoft Visual Studio\2019\BuildTools\Common7\IDE\CommonExtensions\Microsoft\TeamFoundation\Team Explorer;C:\Program Files (x86)\Microsoft Visual Studio\2019\BuildTools\MSBuild\Current\bin\Roslyn;C:\Program Files (x86)\Microsoft Visual Studio\2019\BuildTools\Common7\Tools\devinit;C:\Program Files (x86)\Windows Kits\10\bin\10.0.19041.0\x64;C:\Program Files (x86)\Windows Kits\10\bin\x64;C:\Program Files (x86)\Microsoft Visual Studio\2019\BuildTools\\MSBuild\Current\Bin;C:\Windows\Microsoft.NET\Framework64\v4.0.30319;C:\Program Files (x86)\Microsoft Visual Studio\2019\BuildTools\Common7\IDE\;C:\Program Files (x86)\Microsoft Visual Studio\2019\BuildTools\Common7\Tools\;C:\Programs\Development\Eclipse\jdk-11;C:\Programs\Development\Eclipse\jdk-11\bin;C:\Programs\Oracle\product\11.2.0\product\11.2.0\client_1;C:\Programs\Oracle\product\11.2.0\product\11.2.0\client_1\bin;C:\Programs\Oracle_12\product\12.1.0\client_2\bin;C:\Programs\Oracle\product\11.2.0\client_2;C:\Programs\Oracle\product\11.2.0\client_2\bin;C:\Programs\Oracle\product\11.2.0\client_1;C:\Programs\Oracle\product\11.2.0\client_1\bin;C:\Program Files (x86)\Intel\iCLS Client\;C:\Program Files\Intel\iCLS Client\;C:\Windows\system32;C:\Windows;C:\Windows\System32\Wbem;C:\Windows\System32\WindowsPowerShell\v1.0\;C:\Program Files\ThinkPad\Bluetooth Software\;C:\Program Files\ThinkPad\Bluetooth Software\syswow64;C:\Program Files\Common Files\Lenovo;C:\Program Files (x86)\Common Files\Ulead Systems\MPEG;C:\SWTOOLS\ReadyApps;C:\Program Files (x86)\Common Files\Lenovo;C:\ikostin\Ericsson\Velcom_OMS\apache-ant-1.9.4\bin\;C:\Programs\Development\Eclipse\maven\bin\;C:\Program Files\Intel\WiFi\bin\;C:\Program Files\Common Files\Intel\WirelessCommon\;C:\programs\Development\geckodriver\;C:\Program Files\Git\cmd\;C:\Programs\Development\Eclipse\docker\sonar\docker\;C:\Program Files\nodejs\;C:\Program Files\PostgreSQL\12\bin\;C:\Program Files (x86)\HP\IdrsOCR_15.2.10.1114\;c:\ikostin\CGI\Quarkus\;c:\ikostin\CGI\Quarkus\graalvm-ce-java11\bin\;c:\Program Files (x86)\Microsoft Visual Studio\2017\BuildTools\VC\Tools\MSVC\14.16.27023\bin\Hostx64\x64\;C:\Users\ikostin\Anaconda2;C:\Users\ikostin\Anaconda2\Scripts;C:\Users\ikostin\Anaconda2\Library\bin;C:\Users\ikostin\AppData\Local\Programs\Python\Python36-32\Scripts\;C:\Users\ikostin\AppData\Local\Programs\Python\Python36-32\;C:\Program Files\Intel\WiFi\bin\;C:\Program Files\Common Files\Intel\WirelessCommon\;C:\Program Files\Docker Toolbox;C:\Programs\Development\Eclipse\docker\sonar\docker;C:\Program Files\heroku\bin;C:\Users\ikostin\AppData\Roaming\npm;."/>
    <property name="java.vendor" value="Oracle Corporation"/>
    <property name="java.vm.info" value="mixed mode"/>
    <property name="java.vm.version" value="11+28"/>
    <property name="sun.io.unicode.encoding" value="UnicodeLittle"/>
    <property name="java.class.version" value="55.0"/>
    <property name="quarkus.http.port" value="8081"/>
    <property name="mp.openapi.extensions.smallrye.defaultConsumes" value="application/json"/>
  </properties>
  <testcase name="shouldGetInitialItems" classname="io.quarkus.workshop.superheroes.hero.NativeHeroResourceIT" time="1.638">
    <system-out><![CDATA[Executing [c:\ikostin\CGI\Quarkus\quarkus-super-heroes-workshop\super-heroes\rest-hero\target/rest-hero-1.0-SNAPSHOT-runner, -Dquarkus.http.port=8081, -Dquarkus.http.ssl-port=8444, -Dtest.url=http://localhost:8081, -Dquarkus.log.file.path=c:\ikostin\CGI\Quarkus\quarkus-super-heroes-workshop\super-heroes\rest-hero\target\quarkus.log, -Dquarkus.log.file.enable=true, -Dquarkus.datasource.jdbc.url=jdbc:postgresql://192.168.99.100:32773/heroes_database?loggerLevel=OFF]
Hibernate: 
    
    drop table if exists Hero cascade
__  ____  __  _____   ___  __ ____  ______ 
 --/ __ \/ / / / _ | / _ \/ //_/ / / / __/ 
 -/ /_/ / /_/ / __ |/ , _/ ,< / /_/ /\ \   
--\___\_\____/_/ |_/_/|_/_/|_|\____/___/   
&amp#27;[38;5;145m21:08:46&amp#27;[39m&amp#27;[38;5;188m &amp#27;[39m&amp#27;[38;5;137mWARN &amp#27;[39m&amp#27;[38;5;188m [&amp#27;[39m&amp#27;[38;5;69mor.hi.en.jd.sp.SqlExceptionHelper&amp#27;[39m&amp#27;[38;5;188m] (&amp#27;[39m&amp#27;[38;5;71mmain&amp#27;[39m&amp#27;[38;5;188m) &amp#27;[39m&amp#27;[38;5;151mSQL Warning Code: 0, SQLState: 00000&amp#27;[39m&amp#27;[38;5;203m&amp#27;[39m&amp#27;[38;5;227m
&amp#27;[39m&amp#27;[38;5;145m21:08:46&amp#27;[39m&amp#27;[38;5;188m &amp#27;[39m&amp#27;[38;5;137mWARN &amp#27;[39m&amp#27;[38;5;188m [&amp#27;[39m&amp#27;[38;5;69mor.hi.en.jd.sp.SqlExceptionHelper&amp#27;[39m&amp#27;[38;5;188m] (&amp#27;[39m&amp#27;[38;5;71mmain&amp#27;[39m&amp#27;[38;5;188m) &amp#27;[39m&amp#27;[38;5;151mtable "hero" does not exist, skipping&amp#27;[39m&amp#27;[38;5;203m&amp#27;[39m&amp#27;[38;5;227m
&amp#27;[39mHibernate: 
    
    drop sequence if exists hibernate_sequence
&amp#27;[38;5;145m21:08:46&amp#27;[39m&amp#27;[38;5;188m &amp#27;[39m&amp#27;[38;5;137mWARN &amp#27;[39m&amp#27;[38;5;188m [&amp#27;[39m&amp#27;[38;5;69mor.hi.en.jd.sp.SqlExceptionHelper&amp#27;[39m&amp#27;[38;5;188m] (&amp#27;[39m&amp#27;[38;5;71mmain&amp#27;[39m&amp#27;[38;5;188m) &amp#27;[39m&amp#27;[38;5;151mSQL Warning Code: 0, SQLState: 00000&amp#27;[39m&amp#27;[38;5;203m&amp#27;[39m&amp#27;[38;5;227m
&amp#27;[39m&amp#27;[38;5;145m21:08:46&amp#27;[39m&amp#27;[38;5;188m &amp#27;[39m&amp#27;[38;5;137mWARN &amp#27;[39m&amp#27;[38;5;188m [&amp#27;[39m&amp#27;[38;5;69mor.hi.en.jd.sp.SqlExceptionHelper&amp#27;[39m&amp#27;[38;5;188m] (&amp#27;[39m&amp#27;[38;5;71mmain&amp#27;[39m&amp#27;[38;5;188m) &amp#27;[39m&amp#27;[38;5;151msequence "hibernate_sequence" does not exist, skipping&amp#27;[39m&amp#27;[38;5;203m&amp#27;[39m&amp#27;[38;5;227m
&amp#27;[39mHibernate: create sequence hibernate_sequence start 1 increment 1
Hibernate: 
    
    create table Hero (
       id int8 not null,
        level int4 not null,
        name varchar(255),
        otherName varchar(255),
        picture varchar(255),
        powers TEXT,
        primary key (id)
    )
&amp#27;[38;5;145m21:08:46&amp#27;[39m&amp#27;[38;5;188m &amp#27;[39m&amp#27;[38;5;107mINFO &amp#27;[39m&amp#27;[38;5;188m [&amp#27;[39m&amp#27;[38;5;69mio.qu.wo.su.he.HeroApplicationLifeCycle&amp#27;[39m&amp#27;[38;5;188m] (&amp#27;[39m&amp#27;[38;5;71mmain&amp#27;[39m&amp#27;[38;5;188m) &amp#27;[39m&amp#27;[38;5;151m  _   _                      _    ____ ___ &amp#27;[39m&amp#27;[38;5;203m&amp#27;[39m&amp#27;[38;5;227m
&amp#27;[39m&amp#27;[38;5;145m21:08:46&amp#27;[39m&amp#27;[38;5;188m &amp#27;[39m&amp#27;[38;5;107mINFO &amp#27;[39m&amp#27;[38;5;188m [&amp#27;[39m&amp#27;[38;5;69mio.qu.wo.su.he.HeroApplicationLifeCycle&amp#27;[39m&amp#27;[38;5;188m] (&amp#27;[39m&amp#27;[38;5;71mmain&amp#27;[39m&amp#27;[38;5;188m) &amp#27;[39m&amp#27;[38;5;151m | | | | ___ _ __ ___       / \  |  _ \_ _|&amp#27;[39m&amp#27;[38;5;203m&amp#27;[39m&amp#27;[38;5;227m
&amp#27;[39m&amp#27;[38;5;145m21:08:46&amp#27;[39m&amp#27;[38;5;188m &amp#27;[39m&amp#27;[38;5;107mINFO &amp#27;[39m&amp#27;[38;5;188m [&amp#27;[39m&amp#27;[38;5;69mio.qu.wo.su.he.HeroApplicationLifeCycle&amp#27;[39m&amp#27;[38;5;188m] (&amp#27;[39m&amp#27;[38;5;71mmain&amp#27;[39m&amp#27;[38;5;188m) &amp#27;[39m&amp#27;[38;5;151m | |_| |/ _ \ '__/ _ \     / _ \ | |_) | | &amp#27;[39m&amp#27;[38;5;203m&amp#27;[39m&amp#27;[38;5;227m
&amp#27;[39m&amp#27;[38;5;145m21:08:46&amp#27;[39m&amp#27;[38;5;188m &amp#27;[39m&amp#27;[38;5;107mINFO &amp#27;[39m&amp#27;[38;5;188m [&amp#27;[39m&amp#27;[38;5;69mio.qu.wo.su.he.HeroApplicationLifeCycle&amp#27;[39m&amp#27;[38;5;188m] (&amp#27;[39m&amp#27;[38;5;71mmain&amp#27;[39m&amp#27;[38;5;188m) &amp#27;[39m&amp#27;[38;5;151m |  _  |  __/ | | (_) |   / ___ \|  __/| | &amp#27;[39m&amp#27;[38;5;203m&amp#27;[39m&amp#27;[38;5;227m
&amp#27;[39m&amp#27;[38;5;145m21:08:46&amp#27;[39m&amp#27;[38;5;188m &amp#27;[39m&amp#27;[38;5;107mINFO &amp#27;[39m&amp#27;[38;5;188m [&amp#27;[39m&amp#27;[38;5;69mio.qu.wo.su.he.HeroApplicationLifeCycle&amp#27;[39m&amp#27;[38;5;188m] (&amp#27;[39m&amp#27;[38;5;71mmain&amp#27;[39m&amp#27;[38;5;188m) &amp#27;[39m&amp#27;[38;5;151m |_| |_|\___|_|  \___/   /_/   \_\_|  |___|&amp#27;[39m&amp#27;[38;5;203m&amp#27;[39m&amp#27;[38;5;227m
&amp#27;[39m&amp#27;[38;5;145m21:08:46&amp#27;[39m&amp#27;[38;5;188m &amp#27;[39m&amp#27;[38;5;107mINFO &amp#27;[39m&amp#27;[38;5;188m [&amp#27;[39m&amp#27;[38;5;69mio.qu.wo.su.he.HeroApplicationLifeCycle&amp#27;[39m&amp#27;[38;5;188m] (&amp#27;[39m&amp#27;[38;5;71mmain&amp#27;[39m&amp#27;[38;5;188m) &amp#27;[39m&amp#27;[38;5;151m                         Powered by Quarkus&amp#27;[39m&amp#27;[38;5;203m&amp#27;[39m&amp#27;[38;5;227m
&amp#27;[39m&amp#27;[38;5;145m21:08:46&amp#27;[39m&amp#27;[38;5;188m &amp#27;[39m&amp#27;[38;5;107mINFO &amp#27;[39m&amp#27;[38;5;188m [&amp#27;[39m&amp#27;[38;5;69mio.qu.wo.su.he.HeroApplicationLifeCycle&amp#27;[39m&amp#27;[38;5;188m] (&amp#27;[39m&amp#27;[38;5;71mmain&amp#27;[39m&amp#27;[38;5;188m) &amp#27;[39m&amp#27;[38;5;151m&amp#27;[39mThe application HERO is starting with profile `&amp#27;[38;5;188mprod&amp#27;[39m`&amp#27;[39m&amp#27;[38;5;203m&amp#27;[39m&amp#27;[38;5;227m
&amp#27;[39m&amp#27;[38;5;145m21:08:46&amp#27;[39m&amp#27;[38;5;188m &amp#27;[39m&amp#27;[38;5;107mINFO &amp#27;[39m&amp#27;[38;5;188m [&amp#27;[39m&amp#27;[38;5;69mio.quarkus&amp#27;[39m&amp#27;[38;5;188m] (&amp#27;[39m&amp#27;[38;5;71mmain&amp#27;[39m&amp#27;[38;5;188m) &amp#27;[39m&amp#27;[38;5;151m&amp#27;[39m&amp#27;[38;5;188mrest-hero&amp#27;[39m &amp#27;[38;5;188m1.0-SNAPSHOT&amp#27;[39m &amp#27;[38;5;188mnative&amp#27;[39m (powered by Quarkus &amp#27;[38;5;188m1.13.1.Final&amp#27;[39m) started in &amp#27;[38;5;188m0.512&amp#27;[39ms. &amp#27;[38;5;188mListening on: http://0.0.0.0:8081&amp#27;[39m&amp#27;[39m&amp#27;[38;5;203m&amp#27;[39m&amp#27;[38;5;227m
&amp#27;[39m&amp#27;[38;5;145m21:08:46&amp#27;[39m&amp#27;[38;5;188m &amp#27;[39m&amp#27;[38;5;107mINFO &amp#27;[39m&amp#27;[38;5;188m [&amp#27;[39m&amp#27;[38;5;69mio.quarkus&amp#27;[39m&amp#27;[38;5;188m] (&amp#27;[39m&amp#27;[38;5;71mmain&amp#27;[39m&amp#27;[38;5;188m) &amp#27;[39m&amp#27;[38;5;151m&amp#27;[39mProfile &amp#27;[38;5;188mprod&amp#27;[39m activated. &amp#27;[38;5;188m&amp#27;[39m&amp#27;[39m&amp#27;[38;5;203m&amp#27;[39m&amp#27;[38;5;227m
&amp#27;[39m&amp#27;[38;5;145m21:08:46&amp#27;[39m&amp#27;[38;5;188m &amp#27;[39m&amp#27;[38;5;107mINFO &amp#27;[39m&amp#27;[38;5;188m [&amp#27;[39m&amp#27;[38;5;69mio.quarkus&amp#27;[39m&amp#27;[38;5;188m] (&amp#27;[39m&amp#27;[38;5;71mmain&amp#27;[39m&amp#27;[38;5;188m) &amp#27;[39m&amp#27;[38;5;151m&amp#27;[39mInstalled features: [&amp#27;[38;5;188magroal, cdi, hibernate-orm, hibernate-orm-panache, hibernate-validator, jdbc-postgresql, mutiny, narayana-jta, resteasy, resteasy-jsonb, smallrye-context-propagation, smallrye-openapi, vertx&amp#27;[39m]&amp#27;[39m&amp#27;[38;5;203m&amp#27;[39m&amp#27;[38;5;227m
&amp#27;[39mHibernate: 
    select
        hero0_.id as id1_0_,
        hero0_.level as level2_0_,
        hero0_.name as name3_0_,
        hero0_.otherName as othernam4_0_,
        hero0_.picture as picture5_0_,
        hero0_.powers as powers6_0_ 
    from
        Hero hero0_
]]></system-out>
    <system-err><![CDATA[???. 17, 2021 9:08:32 PM org.jboss.threads.Version <clinit>
INFO: JBoss Threads version 3.2.0.Final
???. 17, 2021 9:08:33 PM org.hibernate.Version logVersion
INFO: HHH000412: Hibernate ORM core version 5.4.29.Final
]]></system-err>
  </testcase>
  <testcase name="shouldAddAnItem" classname="io.quarkus.workshop.superheroes.hero.NativeHeroResourceIT" time="0.771">
    <system-out><![CDATA[Hibernate: 
    select
        nextval ('hibernate_sequence')
Hibernate: 
    insert 
    into
        Hero
        (level, name, otherName, picture, powers, id) 
    values
        (?, ?, ?, ?, ?, ?)
Hibernate: 
    select
        hero0_.id as id1_0_0_,
        hero0_.level as level2_0_0_,
        hero0_.name as name3_0_0_,
        hero0_.otherName as othernam4_0_0_,
        hero0_.picture as picture5_0_0_,
        hero0_.powers as powers6_0_0_ 
    from
        Hero hero0_ 
    where
        hero0_.id=?
Hibernate: 
    select
        hero0_.id as id1_0_,
        hero0_.level as level2_0_,
        hero0_.name as name3_0_,
        hero0_.otherName as othernam4_0_,
        hero0_.picture as picture5_0_,
        hero0_.powers as powers6_0_ 
    from
        Hero hero0_
]]></system-out>
  </testcase>
  <testcase name="shouldUpdateAnItem" classname="io.quarkus.workshop.superheroes.hero.NativeHeroResourceIT" time="0.109">
    <system-out><![CDATA[Hibernate: 
    select
        hero0_.id as id1_0_0_,
        hero0_.level as level2_0_0_,
        hero0_.name as name3_0_0_,
        hero0_.otherName as othernam4_0_0_,
        hero0_.picture as picture5_0_0_,
        hero0_.powers as powers6_0_0_ 
    from
        Hero hero0_ 
    where
        hero0_.id=?
Hibernate: 
    update
        Hero 
    set
        level=?,
        name=?,
        otherName=?,
        picture=?,
        powers=? 
    where
        id=?
Hibernate: 
    select
        hero0_.id as id1_0_,
        hero0_.level as level2_0_,
        hero0_.name as name3_0_,
        hero0_.otherName as othernam4_0_,
        hero0_.picture as picture5_0_,
        hero0_.powers as powers6_0_ 
    from
        Hero hero0_
]]></system-out>
  </testcase>
  <testcase name="shouldRemoveAnItem" classname="io.quarkus.workshop.superheroes.hero.NativeHeroResourceIT" time="0.037">
    <system-out><![CDATA[Hibernate: 
    select
        hero0_.id as id1_0_0_,
        hero0_.level as level2_0_0_,
        hero0_.name as name3_0_0_,
        hero0_.otherName as othernam4_0_0_,
        hero0_.picture as picture5_0_0_,
        hero0_.powers as powers6_0_0_ 
    from
        Hero hero0_ 
    where
        hero0_.id=?
Hibernate: 
    delete 
    from
        Hero 
    where
        id=?
Hibernate: 
    select
        hero0_.id as id1_0_,
        hero0_.level as level2_0_,
        hero0_.name as name3_0_,
        hero0_.otherName as othernam4_0_,
        hero0_.picture as picture5_0_,
        hero0_.powers as powers6_0_ 
    from
        Hero hero0_
]]></system-out>
  </testcase>
  <testcase name="shouldNotAddInvalidItem" classname="io.quarkus.workshop.superheroes.hero.NativeHeroResourceIT" time="0.018"/>
  <testcase name="shouldNotGetUnknownHero" classname="io.quarkus.workshop.superheroes.hero.NativeHeroResourceIT" time="0.02">
    <system-out><![CDATA[Hibernate: 
    select
        hero0_.id as id1_0_0_,
        hero0_.level as level2_0_0_,
        hero0_.name as name3_0_0_,
        hero0_.otherName as othernam4_0_0_,
        hero0_.picture as picture5_0_0_,
        hero0_.powers as powers6_0_0_ 
    from
        Hero hero0_ 
    where
        hero0_.id=?
]]></system-out>
  </testcase>
  <testcase name="testHelloEndpoint" classname="io.quarkus.workshop.superheroes.hero.NativeHeroResourceIT" time="0.019"/>
  <testcase name="shouldPingOpenAPI" classname="io.quarkus.workshop.superheroes.hero.NativeHeroResourceIT" time="0.019"/>
</testsuite>